Before Sort:
array
{
  [ 0] = 0
  [ 1] = 1
  [ 2] = 2
  [ 3] = 3
  [ 4] = 4
  [ 5] = 5
  [ 6] = 6
  [ 7] = 7
  [ 8] = 8
  [ 9] = 9
  [10] = 10
  [11] = 11
  [12] = 12
  [13] = 13
  [14] = 14
  [15] = 15
  [16] = 16
  [17] = 17
  [18] = 18
  [19] = 19
  [20] = 20
  [21] = 21
  [22] = 22
  [23] = 23
  [24] = 24
  [25] = 25
  [26] = 26
  [27] = 27
  [28] = 28
  [29] = 29
  [30] = 30
  [31] = 31
  [32] = 32
  [33] = 33
  [34] = 34
  [35] = 35
  [36] = 36
  [37] = 37
  [38] = 38
  [39] = 39
  [40] = 40
  [41] = 41
  [42] = 42
  [43] = 43
  [44] = 44
  [45] = 45
  [46] = 46
  [47] = 47
  [48] = 48
  [49] = 49
  [50] = 50
  [51] = 51
  [52] = 52
  [53] = 53
  [54] = 54
  [55] = 55
  [56] = 56
  [57] = 57
  [58] = 58
  [59] = 59
  [60] = 60
  [61] = 61
  [62] = 62
  [63] = 63
  [64] = 64
  [65] = 65
  [66] = 66
  [67] = 67
  [68] = 68
  [69] = 69
  [70] = 70
  [71] = 71
  [72] = 72
  [73] = 73
  [74] = 74
  [75] = 75
  [76] = 76
  [77] = 77
  [78] = 78
  [79] = 79
  [80] = 80
  [81] = 81
  [82] = 82
  [83] = 83
  [84] = 84
  [85] = 85
  [86] = 86
  [87] = 87
  [88] = 88
  [89] = 89
  [90] = 90
  [91] = 91
  [92] = 92
  [93] = 93
  [94] = 94
  [95] = 95
  [96] = 96
  [97] = 97
  [98] = 98
  [99] = 99
}
After Sort:
array
{
  [ 0] = 0
  [ 1] = 1
  [ 2] = 10
  [ 3] = 11
  [ 4] = 12
  [ 5] = 13
  [ 6] = 14
  [ 7] = 15
  [ 8] = 16
  [ 9] = 17
  [10] = 18
  [11] = 19
  [12] = 2
  [13] = 20
  [14] = 21
  [15] = 22
  [16] = 23
  [17] = 24
  [18] = 25
  [19] = 26
  [20] = 27
  [21] = 28
  [22] = 29
  [23] = 3
  [24] = 30
  [25] = 31
  [26] = 32
  [27] = 33
  [28] = 34
  [29] = 35
  [30] = 36
  [31] = 37
  [32] = 38
  [33] = 39
  [34] = 4
  [35] = 40
  [36] = 41
  [37] = 42
  [38] = 43
  [39] = 44
  [40] = 45
  [41] = 46
  [42] = 47
  [43] = 48
  [44] = 49
  [45] = 5
  [46] = 50
  [47] = 51
  [48] = 52
  [49] = 53
  [50] = 54
  [51] = 55
  [52] = 56
  [53] = 57
  [54] = 58
  [55] = 59
  [56] = 6
  [57] = 60
  [58] = 61
  [59] = 62
  [60] = 63
  [61] = 64
  [62] = 65
  [63] = 66
  [64] = 67
  [65] = 68
  [66] = 69
  [67] = 7
  [68] = 70
  [69] = 71
  [70] = 72
  [71] = 73
  [72] = 74
  [73] = 75
  [74] = 76
  [75] = 77
  [76] = 78
  [77] = 79
  [78] = 8
  [79] = 80
  [80] = 81
  [81] = 82
  [82] = 83
  [83] = 84
  [84] = 85
  [85] = 86
  [86] = 87
  [87] = 88
  [88] = 89
  [89] = 9
  [90] = 90
  [91] = 91
  [92] = 92
  [93] = 93
  [94] = 94
  [95] = 95
  [96] = 96
  [97] = 97
  [98] = 98
  [99] = 99
}
