Before:  supercalifragilisticexpialidocious
 After:  supercalifragilisticexpialidocious
Before:  A nonsense-word used esp. by children, now chiefly expressing excited
 After:  A nonsenseword used esp by children now chiefly expressing excited
Before:  approbation: fantastic, fabulous.
 After:  approbation fantastic fabulous
Before:    Made popular by the Walt Disney film "Mary Poppins" in 1964. The
 After:    Made popular by the Walt Disney film Mary Poppins in 1964 The
Before:  song containing the word was the subject of a copyright infringement
 After:  song containing the word was the subject of a copyright infringement
Before:  suit brought in 1965 against the makers of the film by Life Music
 After:  suit brought in 1965 against the makers of the film by Life Music
Before:  Co. and two song-writers: cf. quots. 1949, 1951. In view of earlier
 After:  Co and two songwriters cf quots 1949 1951 In view of earlier
Before:  oral uses of the word sworn to in affidavits and dissimilarity between
 After:  oral uses of the word sworn to in affidavits and dissimilarity between
Before:  the songs the judge ruled against the plaintiffs.
 After:  the songs the judge ruled against the plaintiffs
Before:  
 After:  
Before:  Taken from the OED.
 After:  Taken from the OED
Before:   !"#$%&'()*+,-./:;<=>?@[\]^_`{|}~
 After:   
