Before:  1996
 After:  1996
Before:  bottle
 After:  bottle
Before:  12345
 After:  12345
Before:  radar
 After:  radar
Before:  a Toyota
 After:  a Toyota
Before:  Madam, I'm Adam
 After:  Madam Im Adam
Before:  Was it a rat I saw?
 After:  Was it a rat I saw
Before:  Norma is as selfless as I am, Ron.
 After:  Norma is as selfless as I am Ron
Before:  A man, a plan, a canal--Panama!
 After:  A man a plan a canalPanama
Before:  Tarzan raised Desi Arnaz' rat.
 After:  Tarzan raised Desi Arnaz rat
