          0 base 10 = 00000000000000000000000000000000 base 2 has  0 bits on
          1 base 10 = 00000000000000000000000000000001 base 2 has  1 bit  on
          3 base 10 = 00000000000000000000000000000011 base 2 has  2 bits on
          7 base 10 = 00000000000000000000000000000111 base 2 has  3 bits on
         15 base 10 = 00000000000000000000000000001111 base 2 has  4 bits on
         31 base 10 = 00000000000000000000000000011111 base 2 has  5 bits on
         63 base 10 = 00000000000000000000000000111111 base 2 has  6 bits on
        127 base 10 = 00000000000000000000000001111111 base 2 has  7 bits on
        255 base 10 = 00000000000000000000000011111111 base 2 has  8 bits on
        511 base 10 = 00000000000000000000000111111111 base 2 has  9 bits on
       1023 base 10 = 00000000000000000000001111111111 base 2 has 10 bits on
       2047 base 10 = 00000000000000000000011111111111 base 2 has 11 bits on
       4095 base 10 = 00000000000000000000111111111111 base 2 has 12 bits on
       8191 base 10 = 00000000000000000001111111111111 base 2 has 13 bits on
      16383 base 10 = 00000000000000000011111111111111 base 2 has 14 bits on
      32767 base 10 = 00000000000000000111111111111111 base 2 has 15 bits on
      65535 base 10 = 00000000000000001111111111111111 base 2 has 16 bits on
     131071 base 10 = 00000000000000011111111111111111 base 2 has 17 bits on
     262143 base 10 = 00000000000000111111111111111111 base 2 has 18 bits on
     524287 base 10 = 00000000000001111111111111111111 base 2 has 19 bits on
    1048575 base 10 = 00000000000011111111111111111111 base 2 has 20 bits on
    2097151 base 10 = 00000000000111111111111111111111 base 2 has 21 bits on
    4194303 base 10 = 00000000001111111111111111111111 base 2 has 22 bits on
    8388607 base 10 = 00000000011111111111111111111111 base 2 has 23 bits on
   16777215 base 10 = 00000000111111111111111111111111 base 2 has 24 bits on
   33554431 base 10 = 00000001111111111111111111111111 base 2 has 25 bits on
   67108863 base 10 = 00000011111111111111111111111111 base 2 has 26 bits on
  134217727 base 10 = 00000111111111111111111111111111 base 2 has 27 bits on
  268435455 base 10 = 00001111111111111111111111111111 base 2 has 28 bits on
  536870911 base 10 = 00011111111111111111111111111111 base 2 has 29 bits on
 1073741823 base 10 = 00111111111111111111111111111111 base 2 has 30 bits on
 2147483647 base 10 = 01111111111111111111111111111111 base 2 has 31 bits on
         -1 base 10 = 11111111111111111111111111111111 base 2 has 32 bits on
         -3 base 10 = 11111111111111111111111111111101 base 2 has 31 bits on
         -7 base 10 = 11111111111111111111111111111001 base 2 has 30 bits on
        -15 base 10 = 11111111111111111111111111110001 base 2 has 29 bits on
        -31 base 10 = 11111111111111111111111111100001 base 2 has 28 bits on
        -63 base 10 = 11111111111111111111111111000001 base 2 has 27 bits on
       -127 base 10 = 11111111111111111111111110000001 base 2 has 26 bits on
       -255 base 10 = 11111111111111111111111100000001 base 2 has 25 bits on
       -511 base 10 = 11111111111111111111111000000001 base 2 has 24 bits on
      -1023 base 10 = 11111111111111111111110000000001 base 2 has 23 bits on
      -2047 base 10 = 11111111111111111111100000000001 base 2 has 22 bits on
      -4095 base 10 = 11111111111111111111000000000001 base 2 has 21 bits on
      -8191 base 10 = 11111111111111111110000000000001 base 2 has 20 bits on
     -16383 base 10 = 11111111111111111100000000000001 base 2 has 19 bits on
     -32767 base 10 = 11111111111111111000000000000001 base 2 has 18 bits on
     -65535 base 10 = 11111111111111110000000000000001 base 2 has 17 bits on
    -131071 base 10 = 11111111111111100000000000000001 base 2 has 16 bits on
    -262143 base 10 = 11111111111111000000000000000001 base 2 has 15 bits on
    -524287 base 10 = 11111111111110000000000000000001 base 2 has 14 bits on
   -1048575 base 10 = 11111111111100000000000000000001 base 2 has 13 bits on
   -2097151 base 10 = 11111111111000000000000000000001 base 2 has 12 bits on
   -4194303 base 10 = 11111111110000000000000000000001 base 2 has 11 bits on
   -8388607 base 10 = 11111111100000000000000000000001 base 2 has 10 bits on
  -16777215 base 10 = 11111111000000000000000000000001 base 2 has  9 bits on
  -33554431 base 10 = 11111110000000000000000000000001 base 2 has  8 bits on
  -67108863 base 10 = 11111100000000000000000000000001 base 2 has  7 bits on
 -134217727 base 10 = 11111000000000000000000000000001 base 2 has  6 bits on
 -268435455 base 10 = 11110000000000000000000000000001 base 2 has  5 bits on
 -536870911 base 10 = 11100000000000000000000000000001 base 2 has  4 bits on
-1073741823 base 10 = 11000000000000000000000000000001 base 2 has  3 bits on
-2147483647 base 10 = 10000000000000000000000000000001 base 2 has  2 bits on
          2 base 10 = 00000000000000000000000000000010 base 2 has  1 bit  on
          4 base 10 = 00000000000000000000000000000100 base 2 has  1 bit  on
          8 base 10 = 00000000000000000000000000001000 base 2 has  1 bit  on
         16 base 10 = 00000000000000000000000000010000 base 2 has  1 bit  on
         32 base 10 = 00000000000000000000000000100000 base 2 has  1 bit  on
         64 base 10 = 00000000000000000000000001000000 base 2 has  1 bit  on
        128 base 10 = 00000000000000000000000010000000 base 2 has  1 bit  on
        256 base 10 = 00000000000000000000000100000000 base 2 has  1 bit  on
        512 base 10 = 00000000000000000000001000000000 base 2 has  1 bit  on
       1024 base 10 = 00000000000000000000010000000000 base 2 has  1 bit  on
       2048 base 10 = 00000000000000000000100000000000 base 2 has  1 bit  on
       4096 base 10 = 00000000000000000001000000000000 base 2 has  1 bit  on
       8192 base 10 = 00000000000000000010000000000000 base 2 has  1 bit  on
      16384 base 10 = 00000000000000000100000000000000 base 2 has  1 bit  on
      32768 base 10 = 00000000000000001000000000000000 base 2 has  1 bit  on
      65536 base 10 = 00000000000000010000000000000000 base 2 has  1 bit  on
     131072 base 10 = 00000000000000100000000000000000 base 2 has  1 bit  on
     262144 base 10 = 00000000000001000000000000000000 base 2 has  1 bit  on
     524288 base 10 = 00000000000010000000000000000000 base 2 has  1 bit  on
    1048576 base 10 = 00000000000100000000000000000000 base 2 has  1 bit  on
    2097152 base 10 = 00000000001000000000000000000000 base 2 has  1 bit  on
    4194304 base 10 = 00000000010000000000000000000000 base 2 has  1 bit  on
    8388608 base 10 = 00000000100000000000000000000000 base 2 has  1 bit  on
   16777216 base 10 = 00000001000000000000000000000000 base 2 has  1 bit  on
   33554432 base 10 = 00000010000000000000000000000000 base 2 has  1 bit  on
   67108864 base 10 = 00000100000000000000000000000000 base 2 has  1 bit  on
  134217728 base 10 = 00001000000000000000000000000000 base 2 has  1 bit  on
  268435456 base 10 = 00010000000000000000000000000000 base 2 has  1 bit  on
  536870912 base 10 = 00100000000000000000000000000000 base 2 has  1 bit  on
 1073741824 base 10 = 01000000000000000000000000000000 base 2 has  1 bit  on
         -2 base 10 = 11111111111111111111111111111110 base 2 has 31 bits on
         -4 base 10 = 11111111111111111111111111111100 base 2 has 30 bits on
         -8 base 10 = 11111111111111111111111111111000 base 2 has 29 bits on
        -16 base 10 = 11111111111111111111111111110000 base 2 has 28 bits on
        -32 base 10 = 11111111111111111111111111100000 base 2 has 27 bits on
        -64 base 10 = 11111111111111111111111111000000 base 2 has 26 bits on
       -128 base 10 = 11111111111111111111111110000000 base 2 has 25 bits on
       -256 base 10 = 11111111111111111111111100000000 base 2 has 24 bits on
       -512 base 10 = 11111111111111111111111000000000 base 2 has 23 bits on
      -1024 base 10 = 11111111111111111111110000000000 base 2 has 22 bits on
      -2048 base 10 = 11111111111111111111100000000000 base 2 has 21 bits on
      -4096 base 10 = 11111111111111111111000000000000 base 2 has 20 bits on
      -8192 base 10 = 11111111111111111110000000000000 base 2 has 19 bits on
     -16384 base 10 = 11111111111111111100000000000000 base 2 has 18 bits on
     -32768 base 10 = 11111111111111111000000000000000 base 2 has 17 bits on
     -65536 base 10 = 11111111111111110000000000000000 base 2 has 16 bits on
    -131072 base 10 = 11111111111111100000000000000000 base 2 has 15 bits on
    -262144 base 10 = 11111111111111000000000000000000 base 2 has 14 bits on
    -524288 base 10 = 11111111111110000000000000000000 base 2 has 13 bits on
   -1048576 base 10 = 11111111111100000000000000000000 base 2 has 12 bits on
   -2097152 base 10 = 11111111111000000000000000000000 base 2 has 11 bits on
   -4194304 base 10 = 11111111110000000000000000000000 base 2 has 10 bits on
   -8388608 base 10 = 11111111100000000000000000000000 base 2 has  9 bits on
  -16777216 base 10 = 11111111000000000000000000000000 base 2 has  8 bits on
  -33554432 base 10 = 11111110000000000000000000000000 base 2 has  7 bits on
  -67108864 base 10 = 11111100000000000000000000000000 base 2 has  6 bits on
 -134217728 base 10 = 11111000000000000000000000000000 base 2 has  5 bits on
 -268435456 base 10 = 11110000000000000000000000000000 base 2 has  4 bits on
 -536870912 base 10 = 11100000000000000000000000000000 base 2 has  3 bits on
-1073741824 base 10 = 11000000000000000000000000000000 base 2 has  2 bits on
-2147483648 base 10 = 10000000000000000000000000000000 base 2 has  1 bit  on
