Before:  a
 After:  a
Before:  even
 After:  neve
Before:  odd
 After:  ddo
Before:  radar
 After:  radar
Before:  Angelo State University
 After:  ytisrevinU etatS olegnA
Before:  supercalifragilisticexpialidocious
 After:  suoicodilaipxecitsiligarfilacrepus
Before:  1996
 After:  6991
Before:  bottle
 After:  elttob
Before:  12345
 After:  54321
Before:  radar
 After:  radar
Before:  a Toyota
 After:  atoyoT a
Before:  Madam, I'm Adam
 After:  madA m'I ,madaM
Before:  Was it a rat I saw?
 After:  ?was I tar a ti saW
Before:  Norma is as selfless as I am, Ron.
 After:  .noR ,ma I sa sselfles sa si amroN
Before:  A man, a plan, a canal--Panama!
 After:  !amanaP--lanac a ,nalp a ,nam A
Before:  Tarzan raised Desi Arnaz' rat.
 After:  .tar 'zanrA iseD desiar nazraT
