          0 base 10 = 00000000000000000000000000000000 base 2
          1 base 10 = 00000000000000000000000000000001 base 2
          3 base 10 = 00000000000000000000000000000011 base 2
          7 base 10 = 00000000000000000000000000000111 base 2
         15 base 10 = 00000000000000000000000000001111 base 2
         31 base 10 = 00000000000000000000000000011111 base 2
         63 base 10 = 00000000000000000000000000111111 base 2
        127 base 10 = 00000000000000000000000001111111 base 2
        255 base 10 = 00000000000000000000000011111111 base 2
        511 base 10 = 00000000000000000000000111111111 base 2
       1023 base 10 = 00000000000000000000001111111111 base 2
       2047 base 10 = 00000000000000000000011111111111 base 2
       4095 base 10 = 00000000000000000000111111111111 base 2
       8191 base 10 = 00000000000000000001111111111111 base 2
      16383 base 10 = 00000000000000000011111111111111 base 2
      32767 base 10 = 00000000000000000111111111111111 base 2
      65535 base 10 = 00000000000000001111111111111111 base 2
     131071 base 10 = 00000000000000011111111111111111 base 2
     262143 base 10 = 00000000000000111111111111111111 base 2
     524287 base 10 = 00000000000001111111111111111111 base 2
    1048575 base 10 = 00000000000011111111111111111111 base 2
    2097151 base 10 = 00000000000111111111111111111111 base 2
    4194303 base 10 = 00000000001111111111111111111111 base 2
    8388607 base 10 = 00000000011111111111111111111111 base 2
   16777215 base 10 = 00000000111111111111111111111111 base 2
   33554431 base 10 = 00000001111111111111111111111111 base 2
   67108863 base 10 = 00000011111111111111111111111111 base 2
  134217727 base 10 = 00000111111111111111111111111111 base 2
  268435455 base 10 = 00001111111111111111111111111111 base 2
  536870911 base 10 = 00011111111111111111111111111111 base 2
 1073741823 base 10 = 00111111111111111111111111111111 base 2
 2147483647 base 10 = 01111111111111111111111111111111 base 2
         -1 base 10 = 11111111111111111111111111111111 base 2
         -3 base 10 = 11111111111111111111111111111101 base 2
         -7 base 10 = 11111111111111111111111111111001 base 2
        -15 base 10 = 11111111111111111111111111110001 base 2
        -31 base 10 = 11111111111111111111111111100001 base 2
        -63 base 10 = 11111111111111111111111111000001 base 2
       -127 base 10 = 11111111111111111111111110000001 base 2
       -255 base 10 = 11111111111111111111111100000001 base 2
       -511 base 10 = 11111111111111111111111000000001 base 2
      -1023 base 10 = 11111111111111111111110000000001 base 2
      -2047 base 10 = 11111111111111111111100000000001 base 2
      -4095 base 10 = 11111111111111111111000000000001 base 2
      -8191 base 10 = 11111111111111111110000000000001 base 2
     -16383 base 10 = 11111111111111111100000000000001 base 2
     -32767 base 10 = 11111111111111111000000000000001 base 2
     -65535 base 10 = 11111111111111110000000000000001 base 2
    -131071 base 10 = 11111111111111100000000000000001 base 2
    -262143 base 10 = 11111111111111000000000000000001 base 2
    -524287 base 10 = 11111111111110000000000000000001 base 2
   -1048575 base 10 = 11111111111100000000000000000001 base 2
   -2097151 base 10 = 11111111111000000000000000000001 base 2
   -4194303 base 10 = 11111111110000000000000000000001 base 2
   -8388607 base 10 = 11111111100000000000000000000001 base 2
  -16777215 base 10 = 11111111000000000000000000000001 base 2
  -33554431 base 10 = 11111110000000000000000000000001 base 2
  -67108863 base 10 = 11111100000000000000000000000001 base 2
 -134217727 base 10 = 11111000000000000000000000000001 base 2
 -268435455 base 10 = 11110000000000000000000000000001 base 2
 -536870911 base 10 = 11100000000000000000000000000001 base 2
-1073741823 base 10 = 11000000000000000000000000000001 base 2
-2147483647 base 10 = 10000000000000000000000000000001 base 2
          2 base 10 = 00000000000000000000000000000010 base 2
          4 base 10 = 00000000000000000000000000000100 base 2
          8 base 10 = 00000000000000000000000000001000 base 2
         16 base 10 = 00000000000000000000000000010000 base 2
         32 base 10 = 00000000000000000000000000100000 base 2
         64 base 10 = 00000000000000000000000001000000 base 2
        128 base 10 = 00000000000000000000000010000000 base 2
        256 base 10 = 00000000000000000000000100000000 base 2
        512 base 10 = 00000000000000000000001000000000 base 2
       1024 base 10 = 00000000000000000000010000000000 base 2
       2048 base 10 = 00000000000000000000100000000000 base 2
       4096 base 10 = 00000000000000000001000000000000 base 2
       8192 base 10 = 00000000000000000010000000000000 base 2
      16384 base 10 = 00000000000000000100000000000000 base 2
      32768 base 10 = 00000000000000001000000000000000 base 2
      65536 base 10 = 00000000000000010000000000000000 base 2
     131072 base 10 = 00000000000000100000000000000000 base 2
     262144 base 10 = 00000000000001000000000000000000 base 2
     524288 base 10 = 00000000000010000000000000000000 base 2
    1048576 base 10 = 00000000000100000000000000000000 base 2
    2097152 base 10 = 00000000001000000000000000000000 base 2
    4194304 base 10 = 00000000010000000000000000000000 base 2
    8388608 base 10 = 00000000100000000000000000000000 base 2
   16777216 base 10 = 00000001000000000000000000000000 base 2
   33554432 base 10 = 00000010000000000000000000000000 base 2
   67108864 base 10 = 00000100000000000000000000000000 base 2
  134217728 base 10 = 00001000000000000000000000000000 base 2
  268435456 base 10 = 00010000000000000000000000000000 base 2
  536870912 base 10 = 00100000000000000000000000000000 base 2
 1073741824 base 10 = 01000000000000000000000000000000 base 2
         -2 base 10 = 11111111111111111111111111111110 base 2
         -4 base 10 = 11111111111111111111111111111100 base 2
         -8 base 10 = 11111111111111111111111111111000 base 2
        -16 base 10 = 11111111111111111111111111110000 base 2
        -32 base 10 = 11111111111111111111111111100000 base 2
        -64 base 10 = 11111111111111111111111111000000 base 2
       -128 base 10 = 11111111111111111111111110000000 base 2
       -256 base 10 = 11111111111111111111111100000000 base 2
       -512 base 10 = 11111111111111111111111000000000 base 2
      -1024 base 10 = 11111111111111111111110000000000 base 2
      -2048 base 10 = 11111111111111111111100000000000 base 2
      -4096 base 10 = 11111111111111111111000000000000 base 2
      -8192 base 10 = 11111111111111111110000000000000 base 2
     -16384 base 10 = 11111111111111111100000000000000 base 2
     -32768 base 10 = 11111111111111111000000000000000 base 2
     -65536 base 10 = 11111111111111110000000000000000 base 2
    -131072 base 10 = 11111111111111100000000000000000 base 2
    -262144 base 10 = 11111111111111000000000000000000 base 2
    -524288 base 10 = 11111111111110000000000000000000 base 2
   -1048576 base 10 = 11111111111100000000000000000000 base 2
   -2097152 base 10 = 11111111111000000000000000000000 base 2
   -4194304 base 10 = 11111111110000000000000000000000 base 2
   -8388608 base 10 = 11111111100000000000000000000000 base 2
  -16777216 base 10 = 11111111000000000000000000000000 base 2
  -33554432 base 10 = 11111110000000000000000000000000 base 2
  -67108864 base 10 = 11111100000000000000000000000000 base 2
 -134217728 base 10 = 11111000000000000000000000000000 base 2
 -268435456 base 10 = 11110000000000000000000000000000 base 2
 -536870912 base 10 = 11100000000000000000000000000000 base 2
-1073741824 base 10 = 11000000000000000000000000000000 base 2
-2147483648 base 10 = 10000000000000000000000000000000 base 2
