              -1 base 10 = 11111111111111111111111111111111 base 2
------------------------------------------------------------------------
     After     |                num
   Inverting   |--------------------------------------------------------
      Bit      |     Base 10     |                 Base 2
------------------------------------------------------------------------
       0       |            -2   |   11111111111111111111111111111110
       1       |            -4   |   11111111111111111111111111111100
       2       |            -8   |   11111111111111111111111111111000
       3       |           -16   |   11111111111111111111111111110000
       4       |           -32   |   11111111111111111111111111100000
       5       |           -64   |   11111111111111111111111111000000
       6       |          -128   |   11111111111111111111111110000000
       7       |          -256   |   11111111111111111111111100000000
       8       |          -512   |   11111111111111111111111000000000
       9       |         -1024   |   11111111111111111111110000000000
      10       |         -2048   |   11111111111111111111100000000000
      11       |         -4096   |   11111111111111111111000000000000
      12       |         -8192   |   11111111111111111110000000000000
      13       |        -16384   |   11111111111111111100000000000000
      14       |        -32768   |   11111111111111111000000000000000
      15       |        -65536   |   11111111111111110000000000000000
      16       |       -131072   |   11111111111111100000000000000000
      17       |       -262144   |   11111111111111000000000000000000
      18       |       -524288   |   11111111111110000000000000000000
      19       |      -1048576   |   11111111111100000000000000000000
      20       |      -2097152   |   11111111111000000000000000000000
      21       |      -4194304   |   11111111110000000000000000000000
      22       |      -8388608   |   11111111100000000000000000000000
      23       |     -16777216   |   11111111000000000000000000000000
      24       |     -33554432   |   11111110000000000000000000000000
      25       |     -67108864   |   11111100000000000000000000000000
      26       |    -134217728   |   11111000000000000000000000000000
      27       |    -268435456   |   11110000000000000000000000000000
      28       |    -536870912   |   11100000000000000000000000000000
      29       |   -1073741824   |   11000000000000000000000000000000
      30       |   -2147483648   |   10000000000000000000000000000000
      31       |             0   |   00000000000000000000000000000000
------------------------------------------------------------------------
               0 base 10 = 00000000000000000000000000000000 base 2
------------------------------------------------------------------------
     After     |                num
   Inverting   |--------------------------------------------------------
      Bit      |     Base 10     |                 Base 2
------------------------------------------------------------------------
       0       |             1   |   00000000000000000000000000000001
       1       |             3   |   00000000000000000000000000000011
       2       |             7   |   00000000000000000000000000000111
       3       |            15   |   00000000000000000000000000001111
       4       |            31   |   00000000000000000000000000011111
       5       |            63   |   00000000000000000000000000111111
       6       |           127   |   00000000000000000000000001111111
       7       |           255   |   00000000000000000000000011111111
       8       |           511   |   00000000000000000000000111111111
       9       |          1023   |   00000000000000000000001111111111
      10       |          2047   |   00000000000000000000011111111111
      11       |          4095   |   00000000000000000000111111111111
      12       |          8191   |   00000000000000000001111111111111
      13       |         16383   |   00000000000000000011111111111111
      14       |         32767   |   00000000000000000111111111111111
      15       |         65535   |   00000000000000001111111111111111
      16       |        131071   |   00000000000000011111111111111111
      17       |        262143   |   00000000000000111111111111111111
      18       |        524287   |   00000000000001111111111111111111
      19       |       1048575   |   00000000000011111111111111111111
      20       |       2097151   |   00000000000111111111111111111111
      21       |       4194303   |   00000000001111111111111111111111
      22       |       8388607   |   00000000011111111111111111111111
      23       |      16777215   |   00000000111111111111111111111111
      24       |      33554431   |   00000001111111111111111111111111
      25       |      67108863   |   00000011111111111111111111111111
      26       |     134217727   |   00000111111111111111111111111111
      27       |     268435455   |   00001111111111111111111111111111
      28       |     536870911   |   00011111111111111111111111111111
      29       |    1073741823   |   00111111111111111111111111111111
      30       |    2147483647   |   01111111111111111111111111111111
      31       |            -1   |   11111111111111111111111111111111
------------------------------------------------------------------------
