     -2147483648 base 10 = 10000000000000000000000000000000 base 2
------------------------------------------------------------------------
     After     |                num
   Inverting   |--------------------------------------------------------
      Bit      |     Base 10     |                 Base 2
------------------------------------------------------------------------
       0       |   -2147483647   |   10000000000000000000000000000001
       1       |   -2147483645   |   10000000000000000000000000000011
       2       |   -2147483641   |   10000000000000000000000000000111
       3       |   -2147483633   |   10000000000000000000000000001111
       4       |   -2147483617   |   10000000000000000000000000011111
       5       |   -2147483585   |   10000000000000000000000000111111
       6       |   -2147483521   |   10000000000000000000000001111111
       7       |   -2147483393   |   10000000000000000000000011111111
       8       |   -2147483137   |   10000000000000000000000111111111
       9       |   -2147482625   |   10000000000000000000001111111111
      10       |   -2147481601   |   10000000000000000000011111111111
      11       |   -2147479553   |   10000000000000000000111111111111
      12       |   -2147475457   |   10000000000000000001111111111111
      13       |   -2147467265   |   10000000000000000011111111111111
      14       |   -2147450881   |   10000000000000000111111111111111
      15       |   -2147418113   |   10000000000000001111111111111111
      16       |   -2147352577   |   10000000000000011111111111111111
      17       |   -2147221505   |   10000000000000111111111111111111
      18       |   -2146959361   |   10000000000001111111111111111111
      19       |   -2146435073   |   10000000000011111111111111111111
      20       |   -2145386497   |   10000000000111111111111111111111
      21       |   -2143289345   |   10000000001111111111111111111111
      22       |   -2139095041   |   10000000011111111111111111111111
      23       |   -2130706433   |   10000000111111111111111111111111
      24       |   -2113929217   |   10000001111111111111111111111111
      25       |   -2080374785   |   10000011111111111111111111111111
      26       |   -2013265921   |   10000111111111111111111111111111
      27       |   -1879048193   |   10001111111111111111111111111111
      28       |   -1610612737   |   10011111111111111111111111111111
      29       |   -1073741825   |   10111111111111111111111111111111
      30       |            -1   |   11111111111111111111111111111111
      31       |    2147483647   |   01111111111111111111111111111111
------------------------------------------------------------------------
              -1 base 10 = 11111111111111111111111111111111 base 2
------------------------------------------------------------------------
     After     |                num
   Inverting   |--------------------------------------------------------
      Bit      |     Base 10     |                 Base 2
------------------------------------------------------------------------
       0       |            -2   |   11111111111111111111111111111110
       1       |            -4   |   11111111111111111111111111111100
       2       |            -8   |   11111111111111111111111111111000
       3       |           -16   |   11111111111111111111111111110000
       4       |           -32   |   11111111111111111111111111100000
       5       |           -64   |   11111111111111111111111111000000
       6       |          -128   |   11111111111111111111111110000000
       7       |          -256   |   11111111111111111111111100000000
       8       |          -512   |   11111111111111111111111000000000
       9       |         -1024   |   11111111111111111111110000000000
      10       |         -2048   |   11111111111111111111100000000000
      11       |         -4096   |   11111111111111111111000000000000
      12       |         -8192   |   11111111111111111110000000000000
      13       |        -16384   |   11111111111111111100000000000000
      14       |        -32768   |   11111111111111111000000000000000
      15       |        -65536   |   11111111111111110000000000000000
      16       |       -131072   |   11111111111111100000000000000000
      17       |       -262144   |   11111111111111000000000000000000
      18       |       -524288   |   11111111111110000000000000000000
      19       |      -1048576   |   11111111111100000000000000000000
      20       |      -2097152   |   11111111111000000000000000000000
      21       |      -4194304   |   11111111110000000000000000000000
      22       |      -8388608   |   11111111100000000000000000000000
      23       |     -16777216   |   11111111000000000000000000000000
      24       |     -33554432   |   11111110000000000000000000000000
      25       |     -67108864   |   11111100000000000000000000000000
      26       |    -134217728   |   11111000000000000000000000000000
      27       |    -268435456   |   11110000000000000000000000000000
      28       |    -536870912   |   11100000000000000000000000000000
      29       |   -1073741824   |   11000000000000000000000000000000
      30       |   -2147483648   |   10000000000000000000000000000000
      31       |             0   |   00000000000000000000000000000000
------------------------------------------------------------------------
               0 base 10 = 00000000000000000000000000000000 base 2
------------------------------------------------------------------------
     After     |                num
   Inverting   |--------------------------------------------------------
      Bit      |     Base 10     |                 Base 2
------------------------------------------------------------------------
       0       |             1   |   00000000000000000000000000000001
       1       |             3   |   00000000000000000000000000000011
       2       |             7   |   00000000000000000000000000000111
       3       |            15   |   00000000000000000000000000001111
       4       |            31   |   00000000000000000000000000011111
       5       |            63   |   00000000000000000000000000111111
       6       |           127   |   00000000000000000000000001111111
       7       |           255   |   00000000000000000000000011111111
       8       |           511   |   00000000000000000000000111111111
       9       |          1023   |   00000000000000000000001111111111
      10       |          2047   |   00000000000000000000011111111111
      11       |          4095   |   00000000000000000000111111111111
      12       |          8191   |   00000000000000000001111111111111
      13       |         16383   |   00000000000000000011111111111111
      14       |         32767   |   00000000000000000111111111111111
      15       |         65535   |   00000000000000001111111111111111
      16       |        131071   |   00000000000000011111111111111111
      17       |        262143   |   00000000000000111111111111111111
      18       |        524287   |   00000000000001111111111111111111
      19       |       1048575   |   00000000000011111111111111111111
      20       |       2097151   |   00000000000111111111111111111111
      21       |       4194303   |   00000000001111111111111111111111
      22       |       8388607   |   00000000011111111111111111111111
      23       |      16777215   |   00000000111111111111111111111111
      24       |      33554431   |   00000001111111111111111111111111
      25       |      67108863   |   00000011111111111111111111111111
      26       |     134217727   |   00000111111111111111111111111111
      27       |     268435455   |   00001111111111111111111111111111
      28       |     536870911   |   00011111111111111111111111111111
      29       |    1073741823   |   00111111111111111111111111111111
      30       |    2147483647   |   01111111111111111111111111111111
      31       |            -1   |   11111111111111111111111111111111
------------------------------------------------------------------------
               1 base 10 = 00000000000000000000000000000001 base 2
------------------------------------------------------------------------
     After     |                num
   Inverting   |--------------------------------------------------------
      Bit      |     Base 10     |                 Base 2
------------------------------------------------------------------------
       0       |             0   |   00000000000000000000000000000000
       1       |             2   |   00000000000000000000000000000010
       2       |             6   |   00000000000000000000000000000110
       3       |            14   |   00000000000000000000000000001110
       4       |            30   |   00000000000000000000000000011110
       5       |            62   |   00000000000000000000000000111110
       6       |           126   |   00000000000000000000000001111110
       7       |           254   |   00000000000000000000000011111110
       8       |           510   |   00000000000000000000000111111110
       9       |          1022   |   00000000000000000000001111111110
      10       |          2046   |   00000000000000000000011111111110
      11       |          4094   |   00000000000000000000111111111110
      12       |          8190   |   00000000000000000001111111111110
      13       |         16382   |   00000000000000000011111111111110
      14       |         32766   |   00000000000000000111111111111110
      15       |         65534   |   00000000000000001111111111111110
      16       |        131070   |   00000000000000011111111111111110
      17       |        262142   |   00000000000000111111111111111110
      18       |        524286   |   00000000000001111111111111111110
      19       |       1048574   |   00000000000011111111111111111110
      20       |       2097150   |   00000000000111111111111111111110
      21       |       4194302   |   00000000001111111111111111111110
      22       |       8388606   |   00000000011111111111111111111110
      23       |      16777214   |   00000000111111111111111111111110
      24       |      33554430   |   00000001111111111111111111111110
      25       |      67108862   |   00000011111111111111111111111110
      26       |     134217726   |   00000111111111111111111111111110
      27       |     268435454   |   00001111111111111111111111111110
      28       |     536870910   |   00011111111111111111111111111110
      29       |    1073741822   |   00111111111111111111111111111110
      30       |    2147483646   |   01111111111111111111111111111110
      31       |            -2   |   11111111111111111111111111111110
------------------------------------------------------------------------
      2147483647 base 10 = 01111111111111111111111111111111 base 2
------------------------------------------------------------------------
     After     |                num
   Inverting   |--------------------------------------------------------
      Bit      |     Base 10     |                 Base 2
------------------------------------------------------------------------
       0       |    2147483646   |   01111111111111111111111111111110
       1       |    2147483644   |   01111111111111111111111111111100
       2       |    2147483640   |   01111111111111111111111111111000
       3       |    2147483632   |   01111111111111111111111111110000
       4       |    2147483616   |   01111111111111111111111111100000
       5       |    2147483584   |   01111111111111111111111111000000
       6       |    2147483520   |   01111111111111111111111110000000
       7       |    2147483392   |   01111111111111111111111100000000
       8       |    2147483136   |   01111111111111111111111000000000
       9       |    2147482624   |   01111111111111111111110000000000
      10       |    2147481600   |   01111111111111111111100000000000
      11       |    2147479552   |   01111111111111111111000000000000
      12       |    2147475456   |   01111111111111111110000000000000
      13       |    2147467264   |   01111111111111111100000000000000
      14       |    2147450880   |   01111111111111111000000000000000
      15       |    2147418112   |   01111111111111110000000000000000
      16       |    2147352576   |   01111111111111100000000000000000
      17       |    2147221504   |   01111111111111000000000000000000
      18       |    2146959360   |   01111111111110000000000000000000
      19       |    2146435072   |   01111111111100000000000000000000
      20       |    2145386496   |   01111111111000000000000000000000
      21       |    2143289344   |   01111111110000000000000000000000
      22       |    2139095040   |   01111111100000000000000000000000
      23       |    2130706432   |   01111111000000000000000000000000
      24       |    2113929216   |   01111110000000000000000000000000
      25       |    2080374784   |   01111100000000000000000000000000
      26       |    2013265920   |   01111000000000000000000000000000
      27       |    1879048192   |   01110000000000000000000000000000
      28       |    1610612736   |   01100000000000000000000000000000
      29       |    1073741824   |   01000000000000000000000000000000
      30       |             0   |   00000000000000000000000000000000
      31       |   -2147483648   |   10000000000000000000000000000000
------------------------------------------------------------------------
