      1362 base 10 = 00000000000000000000010101010010 base 2
scan0(x,  0) =  0
scan0(x,  1) =  2
scan0(x,  2) =  2
scan0(x,  3) =  3
scan0(x,  4) =  5
scan0(x,  5) =  5
scan0(x,  6) =  7
scan0(x,  7) =  7
scan0(x,  8) =  9
scan0(x,  9) =  9
scan0(x, 10) = 11
scan0(x, 11) = 11
scan0(x, 12) = 12
scan0(x, 13) = 13
scan0(x, 14) = 14
scan0(x, 15) = 15
scan0(x, 16) = 16
scan0(x, 17) = 17
scan0(x, 18) = 18
scan0(x, 19) = 19
scan0(x, 20) = 20
scan0(x, 21) = 21
scan0(x, 22) = 22
scan0(x, 23) = 23
scan0(x, 24) = 24
scan0(x, 25) = 25
scan0(x, 26) = 26
scan0(x, 27) = 27
scan0(x, 28) = 28
scan0(x, 29) = 29
scan0(x, 30) = 30
scan0(x, 31) = 31

4294967295 base 10 = 11111111111111111111111111111111 base 2
scan0(x,  0) = 4294967295
scan0(x,  1) = 4294967295
scan0(x,  2) = 4294967295
scan0(x,  3) = 4294967295
scan0(x,  4) = 4294967295
scan0(x,  5) = 4294967295
scan0(x,  6) = 4294967295
scan0(x,  7) = 4294967295
scan0(x,  8) = 4294967295
scan0(x,  9) = 4294967295
scan0(x, 10) = 4294967295
scan0(x, 11) = 4294967295
scan0(x, 12) = 4294967295
scan0(x, 13) = 4294967295
scan0(x, 14) = 4294967295
scan0(x, 15) = 4294967295
scan0(x, 16) = 4294967295
scan0(x, 17) = 4294967295
scan0(x, 18) = 4294967295
scan0(x, 19) = 4294967295
scan0(x, 20) = 4294967295
scan0(x, 21) = 4294967295
scan0(x, 22) = 4294967295
scan0(x, 23) = 4294967295
scan0(x, 24) = 4294967295
scan0(x, 25) = 4294967295
scan0(x, 26) = 4294967295
scan0(x, 27) = 4294967295
scan0(x, 28) = 4294967295
scan0(x, 29) = 4294967295
scan0(x, 30) = 4294967295
scan0(x, 31) = 4294967295

