      2323 base 10 = 00000000000000000000100100010011 base 2
scan0(x,  0) =  2
scan0(x,  1) =  2
scan0(x,  2) =  2
scan0(x,  3) =  3
scan0(x,  4) =  5
scan0(x,  5) =  5
scan0(x,  6) =  6
scan0(x,  7) =  7
scan0(x,  8) =  9
scan0(x,  9) =  9
scan0(x, 10) = 10
scan0(x, 11) = 12
scan0(x, 12) = 12
scan0(x, 13) = 13
scan0(x, 14) = 14
scan0(x, 15) = 15
scan0(x, 16) = 16
scan0(x, 17) = 17
scan0(x, 18) = 18
scan0(x, 19) = 19
scan0(x, 20) = 20
scan0(x, 21) = 21
scan0(x, 22) = 22
scan0(x, 23) = 23
scan0(x, 24) = 24
scan0(x, 25) = 25
scan0(x, 26) = 26
scan0(x, 27) = 27
scan0(x, 28) = 28
scan0(x, 29) = 29
scan0(x, 30) = 30
scan0(x, 31) = 31

4294967295 base 10 = 11111111111111111111111111111111 base 2
scan0(x,  0) = 4294967295
scan0(x,  1) = 4294967295
scan0(x,  2) = 4294967295
scan0(x,  3) = 4294967295
scan0(x,  4) = 4294967295
scan0(x,  5) = 4294967295
scan0(x,  6) = 4294967295
scan0(x,  7) = 4294967295
scan0(x,  8) = 4294967295
scan0(x,  9) = 4294967295
scan0(x, 10) = 4294967295
scan0(x, 11) = 4294967295
scan0(x, 12) = 4294967295
scan0(x, 13) = 4294967295
scan0(x, 14) = 4294967295
scan0(x, 15) = 4294967295
scan0(x, 16) = 4294967295
scan0(x, 17) = 4294967295
scan0(x, 18) = 4294967295
scan0(x, 19) = 4294967295
scan0(x, 20) = 4294967295
scan0(x, 21) = 4294967295
scan0(x, 22) = 4294967295
scan0(x, 23) = 4294967295
scan0(x, 24) = 4294967295
scan0(x, 25) = 4294967295
scan0(x, 26) = 4294967295
scan0(x, 27) = 4294967295
scan0(x, 28) = 4294967295
scan0(x, 29) = 4294967295
scan0(x, 30) = 4294967295
scan0(x, 31) = 4294967295

         0 base 10 = 00000000000000000000000000000000 base 2
scan0(x,  0) =  0
scan0(x,  1) =  1
scan0(x,  2) =  2
scan0(x,  3) =  3
scan0(x,  4) =  4
scan0(x,  5) =  5
scan0(x,  6) =  6
scan0(x,  7) =  7
scan0(x,  8) =  8
scan0(x,  9) =  9
scan0(x, 10) = 10
scan0(x, 11) = 11
scan0(x, 12) = 12
scan0(x, 13) = 13
scan0(x, 14) = 14
scan0(x, 15) = 15
scan0(x, 16) = 16
scan0(x, 17) = 17
scan0(x, 18) = 18
scan0(x, 19) = 19
scan0(x, 20) = 20
scan0(x, 21) = 21
scan0(x, 22) = 22
scan0(x, 23) = 23
scan0(x, 24) = 24
scan0(x, 25) = 25
scan0(x, 26) = 26
scan0(x, 27) = 27
scan0(x, 28) = 28
scan0(x, 29) = 29
scan0(x, 30) = 30
scan0(x, 31) = 31

         1 base 10 = 00000000000000000000000000000001 base 2
scan0(x,  0) =  1
scan0(x,  1) =  1
scan0(x,  2) =  2
scan0(x,  3) =  3
scan0(x,  4) =  4
scan0(x,  5) =  5
scan0(x,  6) =  6
scan0(x,  7) =  7
scan0(x,  8) =  8
scan0(x,  9) =  9
scan0(x, 10) = 10
scan0(x, 11) = 11
scan0(x, 12) = 12
scan0(x, 13) = 13
scan0(x, 14) = 14
scan0(x, 15) = 15
scan0(x, 16) = 16
scan0(x, 17) = 17
scan0(x, 18) = 18
scan0(x, 19) = 19
scan0(x, 20) = 20
scan0(x, 21) = 21
scan0(x, 22) = 22
scan0(x, 23) = 23
scan0(x, 24) = 24
scan0(x, 25) = 25
scan0(x, 26) = 26
scan0(x, 27) = 27
scan0(x, 28) = 28
scan0(x, 29) = 29
scan0(x, 30) = 30
scan0(x, 31) = 31

2147483647 base 10 = 01111111111111111111111111111111 base 2
scan0(x,  0) = 31
scan0(x,  1) = 31
scan0(x,  2) = 31
scan0(x,  3) = 31
scan0(x,  4) = 31
scan0(x,  5) = 31
scan0(x,  6) = 31
scan0(x,  7) = 31
scan0(x,  8) = 31
scan0(x,  9) = 31
scan0(x, 10) = 31
scan0(x, 11) = 31
scan0(x, 12) = 31
scan0(x, 13) = 31
scan0(x, 14) = 31
scan0(x, 15) = 31
scan0(x, 16) = 31
scan0(x, 17) = 31
scan0(x, 18) = 31
scan0(x, 19) = 31
scan0(x, 20) = 31
scan0(x, 21) = 31
scan0(x, 22) = 31
scan0(x, 23) = 31
scan0(x, 24) = 31
scan0(x, 25) = 31
scan0(x, 26) = 31
scan0(x, 27) = 31
scan0(x, 28) = 31
scan0(x, 29) = 31
scan0(x, 30) = 31
scan0(x, 31) = 31

2147483648 base 10 = 10000000000000000000000000000000 base 2
scan0(x,  0) =  0
scan0(x,  1) =  1
scan0(x,  2) =  2
scan0(x,  3) =  3
scan0(x,  4) =  4
scan0(x,  5) =  5
scan0(x,  6) =  6
scan0(x,  7) =  7
scan0(x,  8) =  8
scan0(x,  9) =  9
scan0(x, 10) = 10
scan0(x, 11) = 11
scan0(x, 12) = 12
scan0(x, 13) = 13
scan0(x, 14) = 14
scan0(x, 15) = 15
scan0(x, 16) = 16
scan0(x, 17) = 17
scan0(x, 18) = 18
scan0(x, 19) = 19
scan0(x, 20) = 20
scan0(x, 21) = 21
scan0(x, 22) = 22
scan0(x, 23) = 23
scan0(x, 24) = 24
scan0(x, 25) = 25
scan0(x, 26) = 26
scan0(x, 27) = 27
scan0(x, 28) = 28
scan0(x, 29) = 29
scan0(x, 30) = 30
scan0(x, 31) = 4294967295

1073741824 base 10 = 01000000000000000000000000000000 base 2
scan0(x,  0) =  0
scan0(x,  1) =  1
scan0(x,  2) =  2
scan0(x,  3) =  3
scan0(x,  4) =  4
scan0(x,  5) =  5
scan0(x,  6) =  6
scan0(x,  7) =  7
scan0(x,  8) =  8
scan0(x,  9) =  9
scan0(x, 10) = 10
scan0(x, 11) = 11
scan0(x, 12) = 12
scan0(x, 13) = 13
scan0(x, 14) = 14
scan0(x, 15) = 15
scan0(x, 16) = 16
scan0(x, 17) = 17
scan0(x, 18) = 18
scan0(x, 19) = 19
scan0(x, 20) = 20
scan0(x, 21) = 21
scan0(x, 22) = 22
scan0(x, 23) = 23
scan0(x, 24) = 24
scan0(x, 25) = 25
scan0(x, 26) = 26
scan0(x, 27) = 27
scan0(x, 28) = 28
scan0(x, 29) = 29
scan0(x, 30) = 31
scan0(x, 31) = 31

 536870912 base 10 = 00100000000000000000000000000000 base 2
scan0(x,  0) =  0
scan0(x,  1) =  1
scan0(x,  2) =  2
scan0(x,  3) =  3
scan0(x,  4) =  4
scan0(x,  5) =  5
scan0(x,  6) =  6
scan0(x,  7) =  7
scan0(x,  8) =  8
scan0(x,  9) =  9
scan0(x, 10) = 10
scan0(x, 11) = 11
scan0(x, 12) = 12
scan0(x, 13) = 13
scan0(x, 14) = 14
scan0(x, 15) = 15
scan0(x, 16) = 16
scan0(x, 17) = 17
scan0(x, 18) = 18
scan0(x, 19) = 19
scan0(x, 20) = 20
scan0(x, 21) = 21
scan0(x, 22) = 22
scan0(x, 23) = 23
scan0(x, 24) = 24
scan0(x, 25) = 25
scan0(x, 26) = 26
scan0(x, 27) = 27
scan0(x, 28) = 28
scan0(x, 29) = 30
scan0(x, 30) = 30
scan0(x, 31) = 31

 268435456 base 10 = 00010000000000000000000000000000 base 2
scan0(x,  0) =  0
scan0(x,  1) =  1
scan0(x,  2) =  2
scan0(x,  3) =  3
scan0(x,  4) =  4
scan0(x,  5) =  5
scan0(x,  6) =  6
scan0(x,  7) =  7
scan0(x,  8) =  8
scan0(x,  9) =  9
scan0(x, 10) = 10
scan0(x, 11) = 11
scan0(x, 12) = 12
scan0(x, 13) = 13
scan0(x, 14) = 14
scan0(x, 15) = 15
scan0(x, 16) = 16
scan0(x, 17) = 17
scan0(x, 18) = 18
scan0(x, 19) = 19
scan0(x, 20) = 20
scan0(x, 21) = 21
scan0(x, 22) = 22
scan0(x, 23) = 23
scan0(x, 24) = 24
scan0(x, 25) = 25
scan0(x, 26) = 26
scan0(x, 27) = 27
scan0(x, 28) = 29
scan0(x, 29) = 29
scan0(x, 30) = 30
scan0(x, 31) = 31

 134217728 base 10 = 00001000000000000000000000000000 base 2
scan0(x,  0) =  0
scan0(x,  1) =  1
scan0(x,  2) =  2
scan0(x,  3) =  3
scan0(x,  4) =  4
scan0(x,  5) =  5
scan0(x,  6) =  6
scan0(x,  7) =  7
scan0(x,  8) =  8
scan0(x,  9) =  9
scan0(x, 10) = 10
scan0(x, 11) = 11
scan0(x, 12) = 12
scan0(x, 13) = 13
scan0(x, 14) = 14
scan0(x, 15) = 15
scan0(x, 16) = 16
scan0(x, 17) = 17
scan0(x, 18) = 18
scan0(x, 19) = 19
scan0(x, 20) = 20
scan0(x, 21) = 21
scan0(x, 22) = 22
scan0(x, 23) = 23
scan0(x, 24) = 24
scan0(x, 25) = 25
scan0(x, 26) = 26
scan0(x, 27) = 28
scan0(x, 28) = 28
scan0(x, 29) = 29
scan0(x, 30) = 30
scan0(x, 31) = 31

  67108864 base 10 = 00000100000000000000000000000000 base 2
scan0(x,  0) =  0
scan0(x,  1) =  1
scan0(x,  2) =  2
scan0(x,  3) =  3
scan0(x,  4) =  4
scan0(x,  5) =  5
scan0(x,  6) =  6
scan0(x,  7) =  7
scan0(x,  8) =  8
scan0(x,  9) =  9
scan0(x, 10) = 10
scan0(x, 11) = 11
scan0(x, 12) = 12
scan0(x, 13) = 13
scan0(x, 14) = 14
scan0(x, 15) = 15
scan0(x, 16) = 16
scan0(x, 17) = 17
scan0(x, 18) = 18
scan0(x, 19) = 19
scan0(x, 20) = 20
scan0(x, 21) = 21
scan0(x, 22) = 22
scan0(x, 23) = 23
scan0(x, 24) = 24
scan0(x, 25) = 25
scan0(x, 26) = 27
scan0(x, 27) = 27
scan0(x, 28) = 28
scan0(x, 29) = 29
scan0(x, 30) = 30
scan0(x, 31) = 31

  33554432 base 10 = 00000010000000000000000000000000 base 2
scan0(x,  0) =  0
scan0(x,  1) =  1
scan0(x,  2) =  2
scan0(x,  3) =  3
scan0(x,  4) =  4
scan0(x,  5) =  5
scan0(x,  6) =  6
scan0(x,  7) =  7
scan0(x,  8) =  8
scan0(x,  9) =  9
scan0(x, 10) = 10
scan0(x, 11) = 11
scan0(x, 12) = 12
scan0(x, 13) = 13
scan0(x, 14) = 14
scan0(x, 15) = 15
scan0(x, 16) = 16
scan0(x, 17) = 17
scan0(x, 18) = 18
scan0(x, 19) = 19
scan0(x, 20) = 20
scan0(x, 21) = 21
scan0(x, 22) = 22
scan0(x, 23) = 23
scan0(x, 24) = 24
scan0(x, 25) = 26
scan0(x, 26) = 26
scan0(x, 27) = 27
scan0(x, 28) = 28
scan0(x, 29) = 29
scan0(x, 30) = 30
scan0(x, 31) = 31

  16777216 base 10 = 00000001000000000000000000000000 base 2
scan0(x,  0) =  0
scan0(x,  1) =  1
scan0(x,  2) =  2
scan0(x,  3) =  3
scan0(x,  4) =  4
scan0(x,  5) =  5
scan0(x,  6) =  6
scan0(x,  7) =  7
scan0(x,  8) =  8
scan0(x,  9) =  9
scan0(x, 10) = 10
scan0(x, 11) = 11
scan0(x, 12) = 12
scan0(x, 13) = 13
scan0(x, 14) = 14
scan0(x, 15) = 15
scan0(x, 16) = 16
scan0(x, 17) = 17
scan0(x, 18) = 18
scan0(x, 19) = 19
scan0(x, 20) = 20
scan0(x, 21) = 21
scan0(x, 22) = 22
scan0(x, 23) = 23
scan0(x, 24) = 25
scan0(x, 25) = 25
scan0(x, 26) = 26
scan0(x, 27) = 27
scan0(x, 28) = 28
scan0(x, 29) = 29
scan0(x, 30) = 30
scan0(x, 31) = 31

   8388608 base 10 = 00000000100000000000000000000000 base 2
scan0(x,  0) =  0
scan0(x,  1) =  1
scan0(x,  2) =  2
scan0(x,  3) =  3
scan0(x,  4) =  4
scan0(x,  5) =  5
scan0(x,  6) =  6
scan0(x,  7) =  7
scan0(x,  8) =  8
scan0(x,  9) =  9
scan0(x, 10) = 10
scan0(x, 11) = 11
scan0(x, 12) = 12
scan0(x, 13) = 13
scan0(x, 14) = 14
scan0(x, 15) = 15
scan0(x, 16) = 16
scan0(x, 17) = 17
scan0(x, 18) = 18
scan0(x, 19) = 19
scan0(x, 20) = 20
scan0(x, 21) = 21
scan0(x, 22) = 22
scan0(x, 23) = 24
scan0(x, 24) = 24
scan0(x, 25) = 25
scan0(x, 26) = 26
scan0(x, 27) = 27
scan0(x, 28) = 28
scan0(x, 29) = 29
scan0(x, 30) = 30
scan0(x, 31) = 31

   4194304 base 10 = 00000000010000000000000000000000 base 2
scan0(x,  0) =  0
scan0(x,  1) =  1
scan0(x,  2) =  2
scan0(x,  3) =  3
scan0(x,  4) =  4
scan0(x,  5) =  5
scan0(x,  6) =  6
scan0(x,  7) =  7
scan0(x,  8) =  8
scan0(x,  9) =  9
scan0(x, 10) = 10
scan0(x, 11) = 11
scan0(x, 12) = 12
scan0(x, 13) = 13
scan0(x, 14) = 14
scan0(x, 15) = 15
scan0(x, 16) = 16
scan0(x, 17) = 17
scan0(x, 18) = 18
scan0(x, 19) = 19
scan0(x, 20) = 20
scan0(x, 21) = 21
scan0(x, 22) = 23
scan0(x, 23) = 23
scan0(x, 24) = 24
scan0(x, 25) = 25
scan0(x, 26) = 26
scan0(x, 27) = 27
scan0(x, 28) = 28
scan0(x, 29) = 29
scan0(x, 30) = 30
scan0(x, 31) = 31

   2097152 base 10 = 00000000001000000000000000000000 base 2
scan0(x,  0) =  0
scan0(x,  1) =  1
scan0(x,  2) =  2
scan0(x,  3) =  3
scan0(x,  4) =  4
scan0(x,  5) =  5
scan0(x,  6) =  6
scan0(x,  7) =  7
scan0(x,  8) =  8
scan0(x,  9) =  9
scan0(x, 10) = 10
scan0(x, 11) = 11
scan0(x, 12) = 12
scan0(x, 13) = 13
scan0(x, 14) = 14
scan0(x, 15) = 15
scan0(x, 16) = 16
scan0(x, 17) = 17
scan0(x, 18) = 18
scan0(x, 19) = 19
scan0(x, 20) = 20
scan0(x, 21) = 22
scan0(x, 22) = 22
scan0(x, 23) = 23
scan0(x, 24) = 24
scan0(x, 25) = 25
scan0(x, 26) = 26
scan0(x, 27) = 27
scan0(x, 28) = 28
scan0(x, 29) = 29
scan0(x, 30) = 30
scan0(x, 31) = 31

   1048576 base 10 = 00000000000100000000000000000000 base 2
scan0(x,  0) =  0
scan0(x,  1) =  1
scan0(x,  2) =  2
scan0(x,  3) =  3
scan0(x,  4) =  4
scan0(x,  5) =  5
scan0(x,  6) =  6
scan0(x,  7) =  7
scan0(x,  8) =  8
scan0(x,  9) =  9
scan0(x, 10) = 10
scan0(x, 11) = 11
scan0(x, 12) = 12
scan0(x, 13) = 13
scan0(x, 14) = 14
scan0(x, 15) = 15
scan0(x, 16) = 16
scan0(x, 17) = 17
scan0(x, 18) = 18
scan0(x, 19) = 19
scan0(x, 20) = 21
scan0(x, 21) = 21
scan0(x, 22) = 22
scan0(x, 23) = 23
scan0(x, 24) = 24
scan0(x, 25) = 25
scan0(x, 26) = 26
scan0(x, 27) = 27
scan0(x, 28) = 28
scan0(x, 29) = 29
scan0(x, 30) = 30
scan0(x, 31) = 31

    524288 base 10 = 00000000000010000000000000000000 base 2
scan0(x,  0) =  0
scan0(x,  1) =  1
scan0(x,  2) =  2
scan0(x,  3) =  3
scan0(x,  4) =  4
scan0(x,  5) =  5
scan0(x,  6) =  6
scan0(x,  7) =  7
scan0(x,  8) =  8
scan0(x,  9) =  9
scan0(x, 10) = 10
scan0(x, 11) = 11
scan0(x, 12) = 12
scan0(x, 13) = 13
scan0(x, 14) = 14
scan0(x, 15) = 15
scan0(x, 16) = 16
scan0(x, 17) = 17
scan0(x, 18) = 18
scan0(x, 19) = 20
scan0(x, 20) = 20
scan0(x, 21) = 21
scan0(x, 22) = 22
scan0(x, 23) = 23
scan0(x, 24) = 24
scan0(x, 25) = 25
scan0(x, 26) = 26
scan0(x, 27) = 27
scan0(x, 28) = 28
scan0(x, 29) = 29
scan0(x, 30) = 30
scan0(x, 31) = 31

    262144 base 10 = 00000000000001000000000000000000 base 2
scan0(x,  0) =  0
scan0(x,  1) =  1
scan0(x,  2) =  2
scan0(x,  3) =  3
scan0(x,  4) =  4
scan0(x,  5) =  5
scan0(x,  6) =  6
scan0(x,  7) =  7
scan0(x,  8) =  8
scan0(x,  9) =  9
scan0(x, 10) = 10
scan0(x, 11) = 11
scan0(x, 12) = 12
scan0(x, 13) = 13
scan0(x, 14) = 14
scan0(x, 15) = 15
scan0(x, 16) = 16
scan0(x, 17) = 17
scan0(x, 18) = 19
scan0(x, 19) = 19
scan0(x, 20) = 20
scan0(x, 21) = 21
scan0(x, 22) = 22
scan0(x, 23) = 23
scan0(x, 24) = 24
scan0(x, 25) = 25
scan0(x, 26) = 26
scan0(x, 27) = 27
scan0(x, 28) = 28
scan0(x, 29) = 29
scan0(x, 30) = 30
scan0(x, 31) = 31

    131072 base 10 = 00000000000000100000000000000000 base 2
scan0(x,  0) =  0
scan0(x,  1) =  1
scan0(x,  2) =  2
scan0(x,  3) =  3
scan0(x,  4) =  4
scan0(x,  5) =  5
scan0(x,  6) =  6
scan0(x,  7) =  7
scan0(x,  8) =  8
scan0(x,  9) =  9
scan0(x, 10) = 10
scan0(x, 11) = 11
scan0(x, 12) = 12
scan0(x, 13) = 13
scan0(x, 14) = 14
scan0(x, 15) = 15
scan0(x, 16) = 16
scan0(x, 17) = 18
scan0(x, 18) = 18
scan0(x, 19) = 19
scan0(x, 20) = 20
scan0(x, 21) = 21
scan0(x, 22) = 22
scan0(x, 23) = 23
scan0(x, 24) = 24
scan0(x, 25) = 25
scan0(x, 26) = 26
scan0(x, 27) = 27
scan0(x, 28) = 28
scan0(x, 29) = 29
scan0(x, 30) = 30
scan0(x, 31) = 31

     65536 base 10 = 00000000000000010000000000000000 base 2
scan0(x,  0) =  0
scan0(x,  1) =  1
scan0(x,  2) =  2
scan0(x,  3) =  3
scan0(x,  4) =  4
scan0(x,  5) =  5
scan0(x,  6) =  6
scan0(x,  7) =  7
scan0(x,  8) =  8
scan0(x,  9) =  9
scan0(x, 10) = 10
scan0(x, 11) = 11
scan0(x, 12) = 12
scan0(x, 13) = 13
scan0(x, 14) = 14
scan0(x, 15) = 15
scan0(x, 16) = 17
scan0(x, 17) = 17
scan0(x, 18) = 18
scan0(x, 19) = 19
scan0(x, 20) = 20
scan0(x, 21) = 21
scan0(x, 22) = 22
scan0(x, 23) = 23
scan0(x, 24) = 24
scan0(x, 25) = 25
scan0(x, 26) = 26
scan0(x, 27) = 27
scan0(x, 28) = 28
scan0(x, 29) = 29
scan0(x, 30) = 30
scan0(x, 31) = 31

     32768 base 10 = 00000000000000001000000000000000 base 2
scan0(x,  0) =  0
scan0(x,  1) =  1
scan0(x,  2) =  2
scan0(x,  3) =  3
scan0(x,  4) =  4
scan0(x,  5) =  5
scan0(x,  6) =  6
scan0(x,  7) =  7
scan0(x,  8) =  8
scan0(x,  9) =  9
scan0(x, 10) = 10
scan0(x, 11) = 11
scan0(x, 12) = 12
scan0(x, 13) = 13
scan0(x, 14) = 14
scan0(x, 15) = 16
scan0(x, 16) = 16
scan0(x, 17) = 17
scan0(x, 18) = 18
scan0(x, 19) = 19
scan0(x, 20) = 20
scan0(x, 21) = 21
scan0(x, 22) = 22
scan0(x, 23) = 23
scan0(x, 24) = 24
scan0(x, 25) = 25
scan0(x, 26) = 26
scan0(x, 27) = 27
scan0(x, 28) = 28
scan0(x, 29) = 29
scan0(x, 30) = 30
scan0(x, 31) = 31

     16384 base 10 = 00000000000000000100000000000000 base 2
scan0(x,  0) =  0
scan0(x,  1) =  1
scan0(x,  2) =  2
scan0(x,  3) =  3
scan0(x,  4) =  4
scan0(x,  5) =  5
scan0(x,  6) =  6
scan0(x,  7) =  7
scan0(x,  8) =  8
scan0(x,  9) =  9
scan0(x, 10) = 10
scan0(x, 11) = 11
scan0(x, 12) = 12
scan0(x, 13) = 13
scan0(x, 14) = 15
scan0(x, 15) = 15
scan0(x, 16) = 16
scan0(x, 17) = 17
scan0(x, 18) = 18
scan0(x, 19) = 19
scan0(x, 20) = 20
scan0(x, 21) = 21
scan0(x, 22) = 22
scan0(x, 23) = 23
scan0(x, 24) = 24
scan0(x, 25) = 25
scan0(x, 26) = 26
scan0(x, 27) = 27
scan0(x, 28) = 28
scan0(x, 29) = 29
scan0(x, 30) = 30
scan0(x, 31) = 31

      8192 base 10 = 00000000000000000010000000000000 base 2
scan0(x,  0) =  0
scan0(x,  1) =  1
scan0(x,  2) =  2
scan0(x,  3) =  3
scan0(x,  4) =  4
scan0(x,  5) =  5
scan0(x,  6) =  6
scan0(x,  7) =  7
scan0(x,  8) =  8
scan0(x,  9) =  9
scan0(x, 10) = 10
scan0(x, 11) = 11
scan0(x, 12) = 12
scan0(x, 13) = 14
scan0(x, 14) = 14
scan0(x, 15) = 15
scan0(x, 16) = 16
scan0(x, 17) = 17
scan0(x, 18) = 18
scan0(x, 19) = 19
scan0(x, 20) = 20
scan0(x, 21) = 21
scan0(x, 22) = 22
scan0(x, 23) = 23
scan0(x, 24) = 24
scan0(x, 25) = 25
scan0(x, 26) = 26
scan0(x, 27) = 27
scan0(x, 28) = 28
scan0(x, 29) = 29
scan0(x, 30) = 30
scan0(x, 31) = 31

      4096 base 10 = 00000000000000000001000000000000 base 2
scan0(x,  0) =  0
scan0(x,  1) =  1
scan0(x,  2) =  2
scan0(x,  3) =  3
scan0(x,  4) =  4
scan0(x,  5) =  5
scan0(x,  6) =  6
scan0(x,  7) =  7
scan0(x,  8) =  8
scan0(x,  9) =  9
scan0(x, 10) = 10
scan0(x, 11) = 11
scan0(x, 12) = 13
scan0(x, 13) = 13
scan0(x, 14) = 14
scan0(x, 15) = 15
scan0(x, 16) = 16
scan0(x, 17) = 17
scan0(x, 18) = 18
scan0(x, 19) = 19
scan0(x, 20) = 20
scan0(x, 21) = 21
scan0(x, 22) = 22
scan0(x, 23) = 23
scan0(x, 24) = 24
scan0(x, 25) = 25
scan0(x, 26) = 26
scan0(x, 27) = 27
scan0(x, 28) = 28
scan0(x, 29) = 29
scan0(x, 30) = 30
scan0(x, 31) = 31

      2048 base 10 = 00000000000000000000100000000000 base 2
scan0(x,  0) =  0
scan0(x,  1) =  1
scan0(x,  2) =  2
scan0(x,  3) =  3
scan0(x,  4) =  4
scan0(x,  5) =  5
scan0(x,  6) =  6
scan0(x,  7) =  7
scan0(x,  8) =  8
scan0(x,  9) =  9
scan0(x, 10) = 10
scan0(x, 11) = 12
scan0(x, 12) = 12
scan0(x, 13) = 13
scan0(x, 14) = 14
scan0(x, 15) = 15
scan0(x, 16) = 16
scan0(x, 17) = 17
scan0(x, 18) = 18
scan0(x, 19) = 19
scan0(x, 20) = 20
scan0(x, 21) = 21
scan0(x, 22) = 22
scan0(x, 23) = 23
scan0(x, 24) = 24
scan0(x, 25) = 25
scan0(x, 26) = 26
scan0(x, 27) = 27
scan0(x, 28) = 28
scan0(x, 29) = 29
scan0(x, 30) = 30
scan0(x, 31) = 31

      1024 base 10 = 00000000000000000000010000000000 base 2
scan0(x,  0) =  0
scan0(x,  1) =  1
scan0(x,  2) =  2
scan0(x,  3) =  3
scan0(x,  4) =  4
scan0(x,  5) =  5
scan0(x,  6) =  6
scan0(x,  7) =  7
scan0(x,  8) =  8
scan0(x,  9) =  9
scan0(x, 10) = 11
scan0(x, 11) = 11
scan0(x, 12) = 12
scan0(x, 13) = 13
scan0(x, 14) = 14
scan0(x, 15) = 15
scan0(x, 16) = 16
scan0(x, 17) = 17
scan0(x, 18) = 18
scan0(x, 19) = 19
scan0(x, 20) = 20
scan0(x, 21) = 21
scan0(x, 22) = 22
scan0(x, 23) = 23
scan0(x, 24) = 24
scan0(x, 25) = 25
scan0(x, 26) = 26
scan0(x, 27) = 27
scan0(x, 28) = 28
scan0(x, 29) = 29
scan0(x, 30) = 30
scan0(x, 31) = 31

       512 base 10 = 00000000000000000000001000000000 base 2
scan0(x,  0) =  0
scan0(x,  1) =  1
scan0(x,  2) =  2
scan0(x,  3) =  3
scan0(x,  4) =  4
scan0(x,  5) =  5
scan0(x,  6) =  6
scan0(x,  7) =  7
scan0(x,  8) =  8
scan0(x,  9) = 10
scan0(x, 10) = 10
scan0(x, 11) = 11
scan0(x, 12) = 12
scan0(x, 13) = 13
scan0(x, 14) = 14
scan0(x, 15) = 15
scan0(x, 16) = 16
scan0(x, 17) = 17
scan0(x, 18) = 18
scan0(x, 19) = 19
scan0(x, 20) = 20
scan0(x, 21) = 21
scan0(x, 22) = 22
scan0(x, 23) = 23
scan0(x, 24) = 24
scan0(x, 25) = 25
scan0(x, 26) = 26
scan0(x, 27) = 27
scan0(x, 28) = 28
scan0(x, 29) = 29
scan0(x, 30) = 30
scan0(x, 31) = 31

       256 base 10 = 00000000000000000000000100000000 base 2
scan0(x,  0) =  0
scan0(x,  1) =  1
scan0(x,  2) =  2
scan0(x,  3) =  3
scan0(x,  4) =  4
scan0(x,  5) =  5
scan0(x,  6) =  6
scan0(x,  7) =  7
scan0(x,  8) =  9
scan0(x,  9) =  9
scan0(x, 10) = 10
scan0(x, 11) = 11
scan0(x, 12) = 12
scan0(x, 13) = 13
scan0(x, 14) = 14
scan0(x, 15) = 15
scan0(x, 16) = 16
scan0(x, 17) = 17
scan0(x, 18) = 18
scan0(x, 19) = 19
scan0(x, 20) = 20
scan0(x, 21) = 21
scan0(x, 22) = 22
scan0(x, 23) = 23
scan0(x, 24) = 24
scan0(x, 25) = 25
scan0(x, 26) = 26
scan0(x, 27) = 27
scan0(x, 28) = 28
scan0(x, 29) = 29
scan0(x, 30) = 30
scan0(x, 31) = 31

       128 base 10 = 00000000000000000000000010000000 base 2
scan0(x,  0) =  0
scan0(x,  1) =  1
scan0(x,  2) =  2
scan0(x,  3) =  3
scan0(x,  4) =  4
scan0(x,  5) =  5
scan0(x,  6) =  6
scan0(x,  7) =  8
scan0(x,  8) =  8
scan0(x,  9) =  9
scan0(x, 10) = 10
scan0(x, 11) = 11
scan0(x, 12) = 12
scan0(x, 13) = 13
scan0(x, 14) = 14
scan0(x, 15) = 15
scan0(x, 16) = 16
scan0(x, 17) = 17
scan0(x, 18) = 18
scan0(x, 19) = 19
scan0(x, 20) = 20
scan0(x, 21) = 21
scan0(x, 22) = 22
scan0(x, 23) = 23
scan0(x, 24) = 24
scan0(x, 25) = 25
scan0(x, 26) = 26
scan0(x, 27) = 27
scan0(x, 28) = 28
scan0(x, 29) = 29
scan0(x, 30) = 30
scan0(x, 31) = 31

        64 base 10 = 00000000000000000000000001000000 base 2
scan0(x,  0) =  0
scan0(x,  1) =  1
scan0(x,  2) =  2
scan0(x,  3) =  3
scan0(x,  4) =  4
scan0(x,  5) =  5
scan0(x,  6) =  7
scan0(x,  7) =  7
scan0(x,  8) =  8
scan0(x,  9) =  9
scan0(x, 10) = 10
scan0(x, 11) = 11
scan0(x, 12) = 12
scan0(x, 13) = 13
scan0(x, 14) = 14
scan0(x, 15) = 15
scan0(x, 16) = 16
scan0(x, 17) = 17
scan0(x, 18) = 18
scan0(x, 19) = 19
scan0(x, 20) = 20
scan0(x, 21) = 21
scan0(x, 22) = 22
scan0(x, 23) = 23
scan0(x, 24) = 24
scan0(x, 25) = 25
scan0(x, 26) = 26
scan0(x, 27) = 27
scan0(x, 28) = 28
scan0(x, 29) = 29
scan0(x, 30) = 30
scan0(x, 31) = 31

        32 base 10 = 00000000000000000000000000100000 base 2
scan0(x,  0) =  0
scan0(x,  1) =  1
scan0(x,  2) =  2
scan0(x,  3) =  3
scan0(x,  4) =  4
scan0(x,  5) =  6
scan0(x,  6) =  6
scan0(x,  7) =  7
scan0(x,  8) =  8
scan0(x,  9) =  9
scan0(x, 10) = 10
scan0(x, 11) = 11
scan0(x, 12) = 12
scan0(x, 13) = 13
scan0(x, 14) = 14
scan0(x, 15) = 15
scan0(x, 16) = 16
scan0(x, 17) = 17
scan0(x, 18) = 18
scan0(x, 19) = 19
scan0(x, 20) = 20
scan0(x, 21) = 21
scan0(x, 22) = 22
scan0(x, 23) = 23
scan0(x, 24) = 24
scan0(x, 25) = 25
scan0(x, 26) = 26
scan0(x, 27) = 27
scan0(x, 28) = 28
scan0(x, 29) = 29
scan0(x, 30) = 30
scan0(x, 31) = 31

        16 base 10 = 00000000000000000000000000010000 base 2
scan0(x,  0) =  0
scan0(x,  1) =  1
scan0(x,  2) =  2
scan0(x,  3) =  3
scan0(x,  4) =  5
scan0(x,  5) =  5
scan0(x,  6) =  6
scan0(x,  7) =  7
scan0(x,  8) =  8
scan0(x,  9) =  9
scan0(x, 10) = 10
scan0(x, 11) = 11
scan0(x, 12) = 12
scan0(x, 13) = 13
scan0(x, 14) = 14
scan0(x, 15) = 15
scan0(x, 16) = 16
scan0(x, 17) = 17
scan0(x, 18) = 18
scan0(x, 19) = 19
scan0(x, 20) = 20
scan0(x, 21) = 21
scan0(x, 22) = 22
scan0(x, 23) = 23
scan0(x, 24) = 24
scan0(x, 25) = 25
scan0(x, 26) = 26
scan0(x, 27) = 27
scan0(x, 28) = 28
scan0(x, 29) = 29
scan0(x, 30) = 30
scan0(x, 31) = 31

         8 base 10 = 00000000000000000000000000001000 base 2
scan0(x,  0) =  0
scan0(x,  1) =  1
scan0(x,  2) =  2
scan0(x,  3) =  4
scan0(x,  4) =  4
scan0(x,  5) =  5
scan0(x,  6) =  6
scan0(x,  7) =  7
scan0(x,  8) =  8
scan0(x,  9) =  9
scan0(x, 10) = 10
scan0(x, 11) = 11
scan0(x, 12) = 12
scan0(x, 13) = 13
scan0(x, 14) = 14
scan0(x, 15) = 15
scan0(x, 16) = 16
scan0(x, 17) = 17
scan0(x, 18) = 18
scan0(x, 19) = 19
scan0(x, 20) = 20
scan0(x, 21) = 21
scan0(x, 22) = 22
scan0(x, 23) = 23
scan0(x, 24) = 24
scan0(x, 25) = 25
scan0(x, 26) = 26
scan0(x, 27) = 27
scan0(x, 28) = 28
scan0(x, 29) = 29
scan0(x, 30) = 30
scan0(x, 31) = 31

         4 base 10 = 00000000000000000000000000000100 base 2
scan0(x,  0) =  0
scan0(x,  1) =  1
scan0(x,  2) =  3
scan0(x,  3) =  3
scan0(x,  4) =  4
scan0(x,  5) =  5
scan0(x,  6) =  6
scan0(x,  7) =  7
scan0(x,  8) =  8
scan0(x,  9) =  9
scan0(x, 10) = 10
scan0(x, 11) = 11
scan0(x, 12) = 12
scan0(x, 13) = 13
scan0(x, 14) = 14
scan0(x, 15) = 15
scan0(x, 16) = 16
scan0(x, 17) = 17
scan0(x, 18) = 18
scan0(x, 19) = 19
scan0(x, 20) = 20
scan0(x, 21) = 21
scan0(x, 22) = 22
scan0(x, 23) = 23
scan0(x, 24) = 24
scan0(x, 25) = 25
scan0(x, 26) = 26
scan0(x, 27) = 27
scan0(x, 28) = 28
scan0(x, 29) = 29
scan0(x, 30) = 30
scan0(x, 31) = 31

         2 base 10 = 00000000000000000000000000000010 base 2
scan0(x,  0) =  0
scan0(x,  1) =  2
scan0(x,  2) =  2
scan0(x,  3) =  3
scan0(x,  4) =  4
scan0(x,  5) =  5
scan0(x,  6) =  6
scan0(x,  7) =  7
scan0(x,  8) =  8
scan0(x,  9) =  9
scan0(x, 10) = 10
scan0(x, 11) = 11
scan0(x, 12) = 12
scan0(x, 13) = 13
scan0(x, 14) = 14
scan0(x, 15) = 15
scan0(x, 16) = 16
scan0(x, 17) = 17
scan0(x, 18) = 18
scan0(x, 19) = 19
scan0(x, 20) = 20
scan0(x, 21) = 21
scan0(x, 22) = 22
scan0(x, 23) = 23
scan0(x, 24) = 24
scan0(x, 25) = 25
scan0(x, 26) = 26
scan0(x, 27) = 27
scan0(x, 28) = 28
scan0(x, 29) = 29
scan0(x, 30) = 30
scan0(x, 31) = 31

3221225472 base 10 = 11000000000000000000000000000000 base 2
scan0(x,  0) =  0
scan0(x,  1) =  1
scan0(x,  2) =  2
scan0(x,  3) =  3
scan0(x,  4) =  4
scan0(x,  5) =  5
scan0(x,  6) =  6
scan0(x,  7) =  7
scan0(x,  8) =  8
scan0(x,  9) =  9
scan0(x, 10) = 10
scan0(x, 11) = 11
scan0(x, 12) = 12
scan0(x, 13) = 13
scan0(x, 14) = 14
scan0(x, 15) = 15
scan0(x, 16) = 16
scan0(x, 17) = 17
scan0(x, 18) = 18
scan0(x, 19) = 19
scan0(x, 20) = 20
scan0(x, 21) = 21
scan0(x, 22) = 22
scan0(x, 23) = 23
scan0(x, 24) = 24
scan0(x, 25) = 25
scan0(x, 26) = 26
scan0(x, 27) = 27
scan0(x, 28) = 28
scan0(x, 29) = 29
scan0(x, 30) = 4294967295
scan0(x, 31) = 4294967295

3758096384 base 10 = 11100000000000000000000000000000 base 2
scan0(x,  0) =  0
scan0(x,  1) =  1
scan0(x,  2) =  2
scan0(x,  3) =  3
scan0(x,  4) =  4
scan0(x,  5) =  5
scan0(x,  6) =  6
scan0(x,  7) =  7
scan0(x,  8) =  8
scan0(x,  9) =  9
scan0(x, 10) = 10
scan0(x, 11) = 11
scan0(x, 12) = 12
scan0(x, 13) = 13
scan0(x, 14) = 14
scan0(x, 15) = 15
scan0(x, 16) = 16
scan0(x, 17) = 17
scan0(x, 18) = 18
scan0(x, 19) = 19
scan0(x, 20) = 20
scan0(x, 21) = 21
scan0(x, 22) = 22
scan0(x, 23) = 23
scan0(x, 24) = 24
scan0(x, 25) = 25
scan0(x, 26) = 26
scan0(x, 27) = 27
scan0(x, 28) = 28
scan0(x, 29) = 4294967295
scan0(x, 30) = 4294967295
scan0(x, 31) = 4294967295

4026531840 base 10 = 11110000000000000000000000000000 base 2
scan0(x,  0) =  0
scan0(x,  1) =  1
scan0(x,  2) =  2
scan0(x,  3) =  3
scan0(x,  4) =  4
scan0(x,  5) =  5
scan0(x,  6) =  6
scan0(x,  7) =  7
scan0(x,  8) =  8
scan0(x,  9) =  9
scan0(x, 10) = 10
scan0(x, 11) = 11
scan0(x, 12) = 12
scan0(x, 13) = 13
scan0(x, 14) = 14
scan0(x, 15) = 15
scan0(x, 16) = 16
scan0(x, 17) = 17
scan0(x, 18) = 18
scan0(x, 19) = 19
scan0(x, 20) = 20
scan0(x, 21) = 21
scan0(x, 22) = 22
scan0(x, 23) = 23
scan0(x, 24) = 24
scan0(x, 25) = 25
scan0(x, 26) = 26
scan0(x, 27) = 27
scan0(x, 28) = 4294967295
scan0(x, 29) = 4294967295
scan0(x, 30) = 4294967295
scan0(x, 31) = 4294967295

4160749568 base 10 = 11111000000000000000000000000000 base 2
scan0(x,  0) =  0
scan0(x,  1) =  1
scan0(x,  2) =  2
scan0(x,  3) =  3
scan0(x,  4) =  4
scan0(x,  5) =  5
scan0(x,  6) =  6
scan0(x,  7) =  7
scan0(x,  8) =  8
scan0(x,  9) =  9
scan0(x, 10) = 10
scan0(x, 11) = 11
scan0(x, 12) = 12
scan0(x, 13) = 13
scan0(x, 14) = 14
scan0(x, 15) = 15
scan0(x, 16) = 16
scan0(x, 17) = 17
scan0(x, 18) = 18
scan0(x, 19) = 19
scan0(x, 20) = 20
scan0(x, 21) = 21
scan0(x, 22) = 22
scan0(x, 23) = 23
scan0(x, 24) = 24
scan0(x, 25) = 25
scan0(x, 26) = 26
scan0(x, 27) = 4294967295
scan0(x, 28) = 4294967295
scan0(x, 29) = 4294967295
scan0(x, 30) = 4294967295
scan0(x, 31) = 4294967295

4227858432 base 10 = 11111100000000000000000000000000 base 2
scan0(x,  0) =  0
scan0(x,  1) =  1
scan0(x,  2) =  2
scan0(x,  3) =  3
scan0(x,  4) =  4
scan0(x,  5) =  5
scan0(x,  6) =  6
scan0(x,  7) =  7
scan0(x,  8) =  8
scan0(x,  9) =  9
scan0(x, 10) = 10
scan0(x, 11) = 11
scan0(x, 12) = 12
scan0(x, 13) = 13
scan0(x, 14) = 14
scan0(x, 15) = 15
scan0(x, 16) = 16
scan0(x, 17) = 17
scan0(x, 18) = 18
scan0(x, 19) = 19
scan0(x, 20) = 20
scan0(x, 21) = 21
scan0(x, 22) = 22
scan0(x, 23) = 23
scan0(x, 24) = 24
scan0(x, 25) = 25
scan0(x, 26) = 4294967295
scan0(x, 27) = 4294967295
scan0(x, 28) = 4294967295
scan0(x, 29) = 4294967295
scan0(x, 30) = 4294967295
scan0(x, 31) = 4294967295

4261412864 base 10 = 11111110000000000000000000000000 base 2
scan0(x,  0) =  0
scan0(x,  1) =  1
scan0(x,  2) =  2
scan0(x,  3) =  3
scan0(x,  4) =  4
scan0(x,  5) =  5
scan0(x,  6) =  6
scan0(x,  7) =  7
scan0(x,  8) =  8
scan0(x,  9) =  9
scan0(x, 10) = 10
scan0(x, 11) = 11
scan0(x, 12) = 12
scan0(x, 13) = 13
scan0(x, 14) = 14
scan0(x, 15) = 15
scan0(x, 16) = 16
scan0(x, 17) = 17
scan0(x, 18) = 18
scan0(x, 19) = 19
scan0(x, 20) = 20
scan0(x, 21) = 21
scan0(x, 22) = 22
scan0(x, 23) = 23
scan0(x, 24) = 24
scan0(x, 25) = 4294967295
scan0(x, 26) = 4294967295
scan0(x, 27) = 4294967295
scan0(x, 28) = 4294967295
scan0(x, 29) = 4294967295
scan0(x, 30) = 4294967295
scan0(x, 31) = 4294967295

4278190080 base 10 = 11111111000000000000000000000000 base 2
scan0(x,  0) =  0
scan0(x,  1) =  1
scan0(x,  2) =  2
scan0(x,  3) =  3
scan0(x,  4) =  4
scan0(x,  5) =  5
scan0(x,  6) =  6
scan0(x,  7) =  7
scan0(x,  8) =  8
scan0(x,  9) =  9
scan0(x, 10) = 10
scan0(x, 11) = 11
scan0(x, 12) = 12
scan0(x, 13) = 13
scan0(x, 14) = 14
scan0(x, 15) = 15
scan0(x, 16) = 16
scan0(x, 17) = 17
scan0(x, 18) = 18
scan0(x, 19) = 19
scan0(x, 20) = 20
scan0(x, 21) = 21
scan0(x, 22) = 22
scan0(x, 23) = 23
scan0(x, 24) = 4294967295
scan0(x, 25) = 4294967295
scan0(x, 26) = 4294967295
scan0(x, 27) = 4294967295
scan0(x, 28) = 4294967295
scan0(x, 29) = 4294967295
scan0(x, 30) = 4294967295
scan0(x, 31) = 4294967295

4286578688 base 10 = 11111111100000000000000000000000 base 2
scan0(x,  0) =  0
scan0(x,  1) =  1
scan0(x,  2) =  2
scan0(x,  3) =  3
scan0(x,  4) =  4
scan0(x,  5) =  5
scan0(x,  6) =  6
scan0(x,  7) =  7
scan0(x,  8) =  8
scan0(x,  9) =  9
scan0(x, 10) = 10
scan0(x, 11) = 11
scan0(x, 12) = 12
scan0(x, 13) = 13
scan0(x, 14) = 14
scan0(x, 15) = 15
scan0(x, 16) = 16
scan0(x, 17) = 17
scan0(x, 18) = 18
scan0(x, 19) = 19
scan0(x, 20) = 20
scan0(x, 21) = 21
scan0(x, 22) = 22
scan0(x, 23) = 4294967295
scan0(x, 24) = 4294967295
scan0(x, 25) = 4294967295
scan0(x, 26) = 4294967295
scan0(x, 27) = 4294967295
scan0(x, 28) = 4294967295
scan0(x, 29) = 4294967295
scan0(x, 30) = 4294967295
scan0(x, 31) = 4294967295

4290772992 base 10 = 11111111110000000000000000000000 base 2
scan0(x,  0) =  0
scan0(x,  1) =  1
scan0(x,  2) =  2
scan0(x,  3) =  3
scan0(x,  4) =  4
scan0(x,  5) =  5
scan0(x,  6) =  6
scan0(x,  7) =  7
scan0(x,  8) =  8
scan0(x,  9) =  9
scan0(x, 10) = 10
scan0(x, 11) = 11
scan0(x, 12) = 12
scan0(x, 13) = 13
scan0(x, 14) = 14
scan0(x, 15) = 15
scan0(x, 16) = 16
scan0(x, 17) = 17
scan0(x, 18) = 18
scan0(x, 19) = 19
scan0(x, 20) = 20
scan0(x, 21) = 21
scan0(x, 22) = 4294967295
scan0(x, 23) = 4294967295
scan0(x, 24) = 4294967295
scan0(x, 25) = 4294967295
scan0(x, 26) = 4294967295
scan0(x, 27) = 4294967295
scan0(x, 28) = 4294967295
scan0(x, 29) = 4294967295
scan0(x, 30) = 4294967295
scan0(x, 31) = 4294967295

4292870144 base 10 = 11111111111000000000000000000000 base 2
scan0(x,  0) =  0
scan0(x,  1) =  1
scan0(x,  2) =  2
scan0(x,  3) =  3
scan0(x,  4) =  4
scan0(x,  5) =  5
scan0(x,  6) =  6
scan0(x,  7) =  7
scan0(x,  8) =  8
scan0(x,  9) =  9
scan0(x, 10) = 10
scan0(x, 11) = 11
scan0(x, 12) = 12
scan0(x, 13) = 13
scan0(x, 14) = 14
scan0(x, 15) = 15
scan0(x, 16) = 16
scan0(x, 17) = 17
scan0(x, 18) = 18
scan0(x, 19) = 19
scan0(x, 20) = 20
scan0(x, 21) = 4294967295
scan0(x, 22) = 4294967295
scan0(x, 23) = 4294967295
scan0(x, 24) = 4294967295
scan0(x, 25) = 4294967295
scan0(x, 26) = 4294967295
scan0(x, 27) = 4294967295
scan0(x, 28) = 4294967295
scan0(x, 29) = 4294967295
scan0(x, 30) = 4294967295
scan0(x, 31) = 4294967295

4293918720 base 10 = 11111111111100000000000000000000 base 2
scan0(x,  0) =  0
scan0(x,  1) =  1
scan0(x,  2) =  2
scan0(x,  3) =  3
scan0(x,  4) =  4
scan0(x,  5) =  5
scan0(x,  6) =  6
scan0(x,  7) =  7
scan0(x,  8) =  8
scan0(x,  9) =  9
scan0(x, 10) = 10
scan0(x, 11) = 11
scan0(x, 12) = 12
scan0(x, 13) = 13
scan0(x, 14) = 14
scan0(x, 15) = 15
scan0(x, 16) = 16
scan0(x, 17) = 17
scan0(x, 18) = 18
scan0(x, 19) = 19
scan0(x, 20) = 4294967295
scan0(x, 21) = 4294967295
scan0(x, 22) = 4294967295
scan0(x, 23) = 4294967295
scan0(x, 24) = 4294967295
scan0(x, 25) = 4294967295
scan0(x, 26) = 4294967295
scan0(x, 27) = 4294967295
scan0(x, 28) = 4294967295
scan0(x, 29) = 4294967295
scan0(x, 30) = 4294967295
scan0(x, 31) = 4294967295

4294443008 base 10 = 11111111111110000000000000000000 base 2
scan0(x,  0) =  0
scan0(x,  1) =  1
scan0(x,  2) =  2
scan0(x,  3) =  3
scan0(x,  4) =  4
scan0(x,  5) =  5
scan0(x,  6) =  6
scan0(x,  7) =  7
scan0(x,  8) =  8
scan0(x,  9) =  9
scan0(x, 10) = 10
scan0(x, 11) = 11
scan0(x, 12) = 12
scan0(x, 13) = 13
scan0(x, 14) = 14
scan0(x, 15) = 15
scan0(x, 16) = 16
scan0(x, 17) = 17
scan0(x, 18) = 18
scan0(x, 19) = 4294967295
scan0(x, 20) = 4294967295
scan0(x, 21) = 4294967295
scan0(x, 22) = 4294967295
scan0(x, 23) = 4294967295
scan0(x, 24) = 4294967295
scan0(x, 25) = 4294967295
scan0(x, 26) = 4294967295
scan0(x, 27) = 4294967295
scan0(x, 28) = 4294967295
scan0(x, 29) = 4294967295
scan0(x, 30) = 4294967295
scan0(x, 31) = 4294967295

4294705152 base 10 = 11111111111111000000000000000000 base 2
scan0(x,  0) =  0
scan0(x,  1) =  1
scan0(x,  2) =  2
scan0(x,  3) =  3
scan0(x,  4) =  4
scan0(x,  5) =  5
scan0(x,  6) =  6
scan0(x,  7) =  7
scan0(x,  8) =  8
scan0(x,  9) =  9
scan0(x, 10) = 10
scan0(x, 11) = 11
scan0(x, 12) = 12
scan0(x, 13) = 13
scan0(x, 14) = 14
scan0(x, 15) = 15
scan0(x, 16) = 16
scan0(x, 17) = 17
scan0(x, 18) = 4294967295
scan0(x, 19) = 4294967295
scan0(x, 20) = 4294967295
scan0(x, 21) = 4294967295
scan0(x, 22) = 4294967295
scan0(x, 23) = 4294967295
scan0(x, 24) = 4294967295
scan0(x, 25) = 4294967295
scan0(x, 26) = 4294967295
scan0(x, 27) = 4294967295
scan0(x, 28) = 4294967295
scan0(x, 29) = 4294967295
scan0(x, 30) = 4294967295
scan0(x, 31) = 4294967295

4294836224 base 10 = 11111111111111100000000000000000 base 2
scan0(x,  0) =  0
scan0(x,  1) =  1
scan0(x,  2) =  2
scan0(x,  3) =  3
scan0(x,  4) =  4
scan0(x,  5) =  5
scan0(x,  6) =  6
scan0(x,  7) =  7
scan0(x,  8) =  8
scan0(x,  9) =  9
scan0(x, 10) = 10
scan0(x, 11) = 11
scan0(x, 12) = 12
scan0(x, 13) = 13
scan0(x, 14) = 14
scan0(x, 15) = 15
scan0(x, 16) = 16
scan0(x, 17) = 4294967295
scan0(x, 18) = 4294967295
scan0(x, 19) = 4294967295
scan0(x, 20) = 4294967295
scan0(x, 21) = 4294967295
scan0(x, 22) = 4294967295
scan0(x, 23) = 4294967295
scan0(x, 24) = 4294967295
scan0(x, 25) = 4294967295
scan0(x, 26) = 4294967295
scan0(x, 27) = 4294967295
scan0(x, 28) = 4294967295
scan0(x, 29) = 4294967295
scan0(x, 30) = 4294967295
scan0(x, 31) = 4294967295

4294901760 base 10 = 11111111111111110000000000000000 base 2
scan0(x,  0) =  0
scan0(x,  1) =  1
scan0(x,  2) =  2
scan0(x,  3) =  3
scan0(x,  4) =  4
scan0(x,  5) =  5
scan0(x,  6) =  6
scan0(x,  7) =  7
scan0(x,  8) =  8
scan0(x,  9) =  9
scan0(x, 10) = 10
scan0(x, 11) = 11
scan0(x, 12) = 12
scan0(x, 13) = 13
scan0(x, 14) = 14
scan0(x, 15) = 15
scan0(x, 16) = 4294967295
scan0(x, 17) = 4294967295
scan0(x, 18) = 4294967295
scan0(x, 19) = 4294967295
scan0(x, 20) = 4294967295
scan0(x, 21) = 4294967295
scan0(x, 22) = 4294967295
scan0(x, 23) = 4294967295
scan0(x, 24) = 4294967295
scan0(x, 25) = 4294967295
scan0(x, 26) = 4294967295
scan0(x, 27) = 4294967295
scan0(x, 28) = 4294967295
scan0(x, 29) = 4294967295
scan0(x, 30) = 4294967295
scan0(x, 31) = 4294967295

4294934528 base 10 = 11111111111111111000000000000000 base 2
scan0(x,  0) =  0
scan0(x,  1) =  1
scan0(x,  2) =  2
scan0(x,  3) =  3
scan0(x,  4) =  4
scan0(x,  5) =  5
scan0(x,  6) =  6
scan0(x,  7) =  7
scan0(x,  8) =  8
scan0(x,  9) =  9
scan0(x, 10) = 10
scan0(x, 11) = 11
scan0(x, 12) = 12
scan0(x, 13) = 13
scan0(x, 14) = 14
scan0(x, 15) = 4294967295
scan0(x, 16) = 4294967295
scan0(x, 17) = 4294967295
scan0(x, 18) = 4294967295
scan0(x, 19) = 4294967295
scan0(x, 20) = 4294967295
scan0(x, 21) = 4294967295
scan0(x, 22) = 4294967295
scan0(x, 23) = 4294967295
scan0(x, 24) = 4294967295
scan0(x, 25) = 4294967295
scan0(x, 26) = 4294967295
scan0(x, 27) = 4294967295
scan0(x, 28) = 4294967295
scan0(x, 29) = 4294967295
scan0(x, 30) = 4294967295
scan0(x, 31) = 4294967295

4294950912 base 10 = 11111111111111111100000000000000 base 2
scan0(x,  0) =  0
scan0(x,  1) =  1
scan0(x,  2) =  2
scan0(x,  3) =  3
scan0(x,  4) =  4
scan0(x,  5) =  5
scan0(x,  6) =  6
scan0(x,  7) =  7
scan0(x,  8) =  8
scan0(x,  9) =  9
scan0(x, 10) = 10
scan0(x, 11) = 11
scan0(x, 12) = 12
scan0(x, 13) = 13
scan0(x, 14) = 4294967295
scan0(x, 15) = 4294967295
scan0(x, 16) = 4294967295
scan0(x, 17) = 4294967295
scan0(x, 18) = 4294967295
scan0(x, 19) = 4294967295
scan0(x, 20) = 4294967295
scan0(x, 21) = 4294967295
scan0(x, 22) = 4294967295
scan0(x, 23) = 4294967295
scan0(x, 24) = 4294967295
scan0(x, 25) = 4294967295
scan0(x, 26) = 4294967295
scan0(x, 27) = 4294967295
scan0(x, 28) = 4294967295
scan0(x, 29) = 4294967295
scan0(x, 30) = 4294967295
scan0(x, 31) = 4294967295

4294959104 base 10 = 11111111111111111110000000000000 base 2
scan0(x,  0) =  0
scan0(x,  1) =  1
scan0(x,  2) =  2
scan0(x,  3) =  3
scan0(x,  4) =  4
scan0(x,  5) =  5
scan0(x,  6) =  6
scan0(x,  7) =  7
scan0(x,  8) =  8
scan0(x,  9) =  9
scan0(x, 10) = 10
scan0(x, 11) = 11
scan0(x, 12) = 12
scan0(x, 13) = 4294967295
scan0(x, 14) = 4294967295
scan0(x, 15) = 4294967295
scan0(x, 16) = 4294967295
scan0(x, 17) = 4294967295
scan0(x, 18) = 4294967295
scan0(x, 19) = 4294967295
scan0(x, 20) = 4294967295
scan0(x, 21) = 4294967295
scan0(x, 22) = 4294967295
scan0(x, 23) = 4294967295
scan0(x, 24) = 4294967295
scan0(x, 25) = 4294967295
scan0(x, 26) = 4294967295
scan0(x, 27) = 4294967295
scan0(x, 28) = 4294967295
scan0(x, 29) = 4294967295
scan0(x, 30) = 4294967295
scan0(x, 31) = 4294967295

4294963200 base 10 = 11111111111111111111000000000000 base 2
scan0(x,  0) =  0
scan0(x,  1) =  1
scan0(x,  2) =  2
scan0(x,  3) =  3
scan0(x,  4) =  4
scan0(x,  5) =  5
scan0(x,  6) =  6
scan0(x,  7) =  7
scan0(x,  8) =  8
scan0(x,  9) =  9
scan0(x, 10) = 10
scan0(x, 11) = 11
scan0(x, 12) = 4294967295
scan0(x, 13) = 4294967295
scan0(x, 14) = 4294967295
scan0(x, 15) = 4294967295
scan0(x, 16) = 4294967295
scan0(x, 17) = 4294967295
scan0(x, 18) = 4294967295
scan0(x, 19) = 4294967295
scan0(x, 20) = 4294967295
scan0(x, 21) = 4294967295
scan0(x, 22) = 4294967295
scan0(x, 23) = 4294967295
scan0(x, 24) = 4294967295
scan0(x, 25) = 4294967295
scan0(x, 26) = 4294967295
scan0(x, 27) = 4294967295
scan0(x, 28) = 4294967295
scan0(x, 29) = 4294967295
scan0(x, 30) = 4294967295
scan0(x, 31) = 4294967295

4294965248 base 10 = 11111111111111111111100000000000 base 2
scan0(x,  0) =  0
scan0(x,  1) =  1
scan0(x,  2) =  2
scan0(x,  3) =  3
scan0(x,  4) =  4
scan0(x,  5) =  5
scan0(x,  6) =  6
scan0(x,  7) =  7
scan0(x,  8) =  8
scan0(x,  9) =  9
scan0(x, 10) = 10
scan0(x, 11) = 4294967295
scan0(x, 12) = 4294967295
scan0(x, 13) = 4294967295
scan0(x, 14) = 4294967295
scan0(x, 15) = 4294967295
scan0(x, 16) = 4294967295
scan0(x, 17) = 4294967295
scan0(x, 18) = 4294967295
scan0(x, 19) = 4294967295
scan0(x, 20) = 4294967295
scan0(x, 21) = 4294967295
scan0(x, 22) = 4294967295
scan0(x, 23) = 4294967295
scan0(x, 24) = 4294967295
scan0(x, 25) = 4294967295
scan0(x, 26) = 4294967295
scan0(x, 27) = 4294967295
scan0(x, 28) = 4294967295
scan0(x, 29) = 4294967295
scan0(x, 30) = 4294967295
scan0(x, 31) = 4294967295

4294966272 base 10 = 11111111111111111111110000000000 base 2
scan0(x,  0) =  0
scan0(x,  1) =  1
scan0(x,  2) =  2
scan0(x,  3) =  3
scan0(x,  4) =  4
scan0(x,  5) =  5
scan0(x,  6) =  6
scan0(x,  7) =  7
scan0(x,  8) =  8
scan0(x,  9) =  9
scan0(x, 10) = 4294967295
scan0(x, 11) = 4294967295
scan0(x, 12) = 4294967295
scan0(x, 13) = 4294967295
scan0(x, 14) = 4294967295
scan0(x, 15) = 4294967295
scan0(x, 16) = 4294967295
scan0(x, 17) = 4294967295
scan0(x, 18) = 4294967295
scan0(x, 19) = 4294967295
scan0(x, 20) = 4294967295
scan0(x, 21) = 4294967295
scan0(x, 22) = 4294967295
scan0(x, 23) = 4294967295
scan0(x, 24) = 4294967295
scan0(x, 25) = 4294967295
scan0(x, 26) = 4294967295
scan0(x, 27) = 4294967295
scan0(x, 28) = 4294967295
scan0(x, 29) = 4294967295
scan0(x, 30) = 4294967295
scan0(x, 31) = 4294967295

4294966784 base 10 = 11111111111111111111111000000000 base 2
scan0(x,  0) =  0
scan0(x,  1) =  1
scan0(x,  2) =  2
scan0(x,  3) =  3
scan0(x,  4) =  4
scan0(x,  5) =  5
scan0(x,  6) =  6
scan0(x,  7) =  7
scan0(x,  8) =  8
scan0(x,  9) = 4294967295
scan0(x, 10) = 4294967295
scan0(x, 11) = 4294967295
scan0(x, 12) = 4294967295
scan0(x, 13) = 4294967295
scan0(x, 14) = 4294967295
scan0(x, 15) = 4294967295
scan0(x, 16) = 4294967295
scan0(x, 17) = 4294967295
scan0(x, 18) = 4294967295
scan0(x, 19) = 4294967295
scan0(x, 20) = 4294967295
scan0(x, 21) = 4294967295
scan0(x, 22) = 4294967295
scan0(x, 23) = 4294967295
scan0(x, 24) = 4294967295
scan0(x, 25) = 4294967295
scan0(x, 26) = 4294967295
scan0(x, 27) = 4294967295
scan0(x, 28) = 4294967295
scan0(x, 29) = 4294967295
scan0(x, 30) = 4294967295
scan0(x, 31) = 4294967295

4294967040 base 10 = 11111111111111111111111100000000 base 2
scan0(x,  0) =  0
scan0(x,  1) =  1
scan0(x,  2) =  2
scan0(x,  3) =  3
scan0(x,  4) =  4
scan0(x,  5) =  5
scan0(x,  6) =  6
scan0(x,  7) =  7
scan0(x,  8) = 4294967295
scan0(x,  9) = 4294967295
scan0(x, 10) = 4294967295
scan0(x, 11) = 4294967295
scan0(x, 12) = 4294967295
scan0(x, 13) = 4294967295
scan0(x, 14) = 4294967295
scan0(x, 15) = 4294967295
scan0(x, 16) = 4294967295
scan0(x, 17) = 4294967295
scan0(x, 18) = 4294967295
scan0(x, 19) = 4294967295
scan0(x, 20) = 4294967295
scan0(x, 21) = 4294967295
scan0(x, 22) = 4294967295
scan0(x, 23) = 4294967295
scan0(x, 24) = 4294967295
scan0(x, 25) = 4294967295
scan0(x, 26) = 4294967295
scan0(x, 27) = 4294967295
scan0(x, 28) = 4294967295
scan0(x, 29) = 4294967295
scan0(x, 30) = 4294967295
scan0(x, 31) = 4294967295

4294967168 base 10 = 11111111111111111111111110000000 base 2
scan0(x,  0) =  0
scan0(x,  1) =  1
scan0(x,  2) =  2
scan0(x,  3) =  3
scan0(x,  4) =  4
scan0(x,  5) =  5
scan0(x,  6) =  6
scan0(x,  7) = 4294967295
scan0(x,  8) = 4294967295
scan0(x,  9) = 4294967295
scan0(x, 10) = 4294967295
scan0(x, 11) = 4294967295
scan0(x, 12) = 4294967295
scan0(x, 13) = 4294967295
scan0(x, 14) = 4294967295
scan0(x, 15) = 4294967295
scan0(x, 16) = 4294967295
scan0(x, 17) = 4294967295
scan0(x, 18) = 4294967295
scan0(x, 19) = 4294967295
scan0(x, 20) = 4294967295
scan0(x, 21) = 4294967295
scan0(x, 22) = 4294967295
scan0(x, 23) = 4294967295
scan0(x, 24) = 4294967295
scan0(x, 25) = 4294967295
scan0(x, 26) = 4294967295
scan0(x, 27) = 4294967295
scan0(x, 28) = 4294967295
scan0(x, 29) = 4294967295
scan0(x, 30) = 4294967295
scan0(x, 31) = 4294967295

4294967232 base 10 = 11111111111111111111111111000000 base 2
scan0(x,  0) =  0
scan0(x,  1) =  1
scan0(x,  2) =  2
scan0(x,  3) =  3
scan0(x,  4) =  4
scan0(x,  5) =  5
scan0(x,  6) = 4294967295
scan0(x,  7) = 4294967295
scan0(x,  8) = 4294967295
scan0(x,  9) = 4294967295
scan0(x, 10) = 4294967295
scan0(x, 11) = 4294967295
scan0(x, 12) = 4294967295
scan0(x, 13) = 4294967295
scan0(x, 14) = 4294967295
scan0(x, 15) = 4294967295
scan0(x, 16) = 4294967295
scan0(x, 17) = 4294967295
scan0(x, 18) = 4294967295
scan0(x, 19) = 4294967295
scan0(x, 20) = 4294967295
scan0(x, 21) = 4294967295
scan0(x, 22) = 4294967295
scan0(x, 23) = 4294967295
scan0(x, 24) = 4294967295
scan0(x, 25) = 4294967295
scan0(x, 26) = 4294967295
scan0(x, 27) = 4294967295
scan0(x, 28) = 4294967295
scan0(x, 29) = 4294967295
scan0(x, 30) = 4294967295
scan0(x, 31) = 4294967295

4294967264 base 10 = 11111111111111111111111111100000 base 2
scan0(x,  0) =  0
scan0(x,  1) =  1
scan0(x,  2) =  2
scan0(x,  3) =  3
scan0(x,  4) =  4
scan0(x,  5) = 4294967295
scan0(x,  6) = 4294967295
scan0(x,  7) = 4294967295
scan0(x,  8) = 4294967295
scan0(x,  9) = 4294967295
scan0(x, 10) = 4294967295
scan0(x, 11) = 4294967295
scan0(x, 12) = 4294967295
scan0(x, 13) = 4294967295
scan0(x, 14) = 4294967295
scan0(x, 15) = 4294967295
scan0(x, 16) = 4294967295
scan0(x, 17) = 4294967295
scan0(x, 18) = 4294967295
scan0(x, 19) = 4294967295
scan0(x, 20) = 4294967295
scan0(x, 21) = 4294967295
scan0(x, 22) = 4294967295
scan0(x, 23) = 4294967295
scan0(x, 24) = 4294967295
scan0(x, 25) = 4294967295
scan0(x, 26) = 4294967295
scan0(x, 27) = 4294967295
scan0(x, 28) = 4294967295
scan0(x, 29) = 4294967295
scan0(x, 30) = 4294967295
scan0(x, 31) = 4294967295

4294967280 base 10 = 11111111111111111111111111110000 base 2
scan0(x,  0) =  0
scan0(x,  1) =  1
scan0(x,  2) =  2
scan0(x,  3) =  3
scan0(x,  4) = 4294967295
scan0(x,  5) = 4294967295
scan0(x,  6) = 4294967295
scan0(x,  7) = 4294967295
scan0(x,  8) = 4294967295
scan0(x,  9) = 4294967295
scan0(x, 10) = 4294967295
scan0(x, 11) = 4294967295
scan0(x, 12) = 4294967295
scan0(x, 13) = 4294967295
scan0(x, 14) = 4294967295
scan0(x, 15) = 4294967295
scan0(x, 16) = 4294967295
scan0(x, 17) = 4294967295
scan0(x, 18) = 4294967295
scan0(x, 19) = 4294967295
scan0(x, 20) = 4294967295
scan0(x, 21) = 4294967295
scan0(x, 22) = 4294967295
scan0(x, 23) = 4294967295
scan0(x, 24) = 4294967295
scan0(x, 25) = 4294967295
scan0(x, 26) = 4294967295
scan0(x, 27) = 4294967295
scan0(x, 28) = 4294967295
scan0(x, 29) = 4294967295
scan0(x, 30) = 4294967295
scan0(x, 31) = 4294967295

4294967288 base 10 = 11111111111111111111111111111000 base 2
scan0(x,  0) =  0
scan0(x,  1) =  1
scan0(x,  2) =  2
scan0(x,  3) = 4294967295
scan0(x,  4) = 4294967295
scan0(x,  5) = 4294967295
scan0(x,  6) = 4294967295
scan0(x,  7) = 4294967295
scan0(x,  8) = 4294967295
scan0(x,  9) = 4294967295
scan0(x, 10) = 4294967295
scan0(x, 11) = 4294967295
scan0(x, 12) = 4294967295
scan0(x, 13) = 4294967295
scan0(x, 14) = 4294967295
scan0(x, 15) = 4294967295
scan0(x, 16) = 4294967295
scan0(x, 17) = 4294967295
scan0(x, 18) = 4294967295
scan0(x, 19) = 4294967295
scan0(x, 20) = 4294967295
scan0(x, 21) = 4294967295
scan0(x, 22) = 4294967295
scan0(x, 23) = 4294967295
scan0(x, 24) = 4294967295
scan0(x, 25) = 4294967295
scan0(x, 26) = 4294967295
scan0(x, 27) = 4294967295
scan0(x, 28) = 4294967295
scan0(x, 29) = 4294967295
scan0(x, 30) = 4294967295
scan0(x, 31) = 4294967295

4294967292 base 10 = 11111111111111111111111111111100 base 2
scan0(x,  0) =  0
scan0(x,  1) =  1
scan0(x,  2) = 4294967295
scan0(x,  3) = 4294967295
scan0(x,  4) = 4294967295
scan0(x,  5) = 4294967295
scan0(x,  6) = 4294967295
scan0(x,  7) = 4294967295
scan0(x,  8) = 4294967295
scan0(x,  9) = 4294967295
scan0(x, 10) = 4294967295
scan0(x, 11) = 4294967295
scan0(x, 12) = 4294967295
scan0(x, 13) = 4294967295
scan0(x, 14) = 4294967295
scan0(x, 15) = 4294967295
scan0(x, 16) = 4294967295
scan0(x, 17) = 4294967295
scan0(x, 18) = 4294967295
scan0(x, 19) = 4294967295
scan0(x, 20) = 4294967295
scan0(x, 21) = 4294967295
scan0(x, 22) = 4294967295
scan0(x, 23) = 4294967295
scan0(x, 24) = 4294967295
scan0(x, 25) = 4294967295
scan0(x, 26) = 4294967295
scan0(x, 27) = 4294967295
scan0(x, 28) = 4294967295
scan0(x, 29) = 4294967295
scan0(x, 30) = 4294967295
scan0(x, 31) = 4294967295

4294967294 base 10 = 11111111111111111111111111111110 base 2
scan0(x,  0) =  0
scan0(x,  1) = 4294967295
scan0(x,  2) = 4294967295
scan0(x,  3) = 4294967295
scan0(x,  4) = 4294967295
scan0(x,  5) = 4294967295
scan0(x,  6) = 4294967295
scan0(x,  7) = 4294967295
scan0(x,  8) = 4294967295
scan0(x,  9) = 4294967295
scan0(x, 10) = 4294967295
scan0(x, 11) = 4294967295
scan0(x, 12) = 4294967295
scan0(x, 13) = 4294967295
scan0(x, 14) = 4294967295
scan0(x, 15) = 4294967295
scan0(x, 16) = 4294967295
scan0(x, 17) = 4294967295
scan0(x, 18) = 4294967295
scan0(x, 19) = 4294967295
scan0(x, 20) = 4294967295
scan0(x, 21) = 4294967295
scan0(x, 22) = 4294967295
scan0(x, 23) = 4294967295
scan0(x, 24) = 4294967295
scan0(x, 25) = 4294967295
scan0(x, 26) = 4294967295
scan0(x, 27) = 4294967295
scan0(x, 28) = 4294967295
scan0(x, 29) = 4294967295
scan0(x, 30) = 4294967295
scan0(x, 31) = 4294967295

