Before Sort:
array
{
  [ 0] = -3/4
  [ 1] = -3/4
  [ 2] = -3/4
  [ 3] = 3/4
  [ 4] = 0/5
  [ 5] = 0/7
  [ 6] = 1/1
  [ 7] = 5/4
  [ 8] = 25/45
  [ 9] = 8/99
  [10] = 3/4
  [11] = -3/4
  [12] = 1/4
  [13] = 3/2
  [14] = 1/4
  [15] = 3/-2
  [16] = -1/-4
  [17] = -3/-2
}
After Sort:
array
{
  [ 0] = 3/-2
  [ 1] = -3/4
  [ 2] = -3/4
  [ 3] = -3/4
  [ 4] = -3/4
  [ 5] = 0/5
  [ 6] = 0/7
  [ 7] = 8/99
  [ 8] = 1/4
  [ 9] = 1/4
  [10] = -1/-4
  [11] = 25/45
  [12] = 3/4
  [13] = 3/4
  [14] = 1/1
  [15] = 5/4
  [16] = 3/2
  [17] = -3/-2
}
