Before Sort:
array
{
  [ 0] = -1/-4
  [ 1] = -3/-2
  [ 2] = -1/-4
  [ 3] = -3/2
  [ 4] = -1/-4
  [ 5] = 3/-2
  [ 6] = -1/-4
  [ 7] = 3/2
  [ 8] = -1/4
  [ 9] = -3/-2
  [10] = -1/4
  [11] = -3/2
  [12] = -1/4
  [13] = 3/-2
  [14] = -1/4
  [15] = 3/2
  [16] = -3/4
  [17] = -3/4
  [18] = -3/4
  [19] = 3/4
  [20] = 0/5
  [21] = 0/7
  [22] = 1/-4
  [23] = -3/-2
  [24] = 1/-4
  [25] = -3/2
  [26] = 1/-4
  [27] = 3/-2
  [28] = 1/-4
  [29] = 3/2
  [30] = 1/1
  [31] = 5/4
  [32] = 1/4
  [33] = -3/-2
  [34] = 1/4
  [35] = -3/2
  [36] = 1/4
  [37] = 3/-2
  [38] = 1/4
  [39] = 3/2
  [40] = 127/1651
  [41] = 83/1079
  [42] = 129/6579
  [43] = 1935/249
  [44] = 1331/1651
  [45] = 2301/1079
  [46] = 25/45
  [47] = 8/99
  [48] = 3/1260
  [49] = 6/198
  [50] = 3/4
  [51] = -3/4
  [52] = 43/1935
  [53] = 207/6579
  [54] = 5/7
  [55] = 25/35
  [56] = 83/1651
  [57] = 127/1079
}
After Sort:
array
{
  [ 0] = -3/2
  [ 1] = 3/-2
  [ 2] = -3/2
  [ 3] = 3/-2
  [ 4] = -3/2
  [ 5] = 3/-2
  [ 6] = -3/2
  [ 7] = 3/-2
  [ 8] = -3/4
  [ 9] = -3/4
  [10] = -3/4
  [11] = -3/4
  [12] = 1/-4
  [13] = -1/4
  [14] = 1/-4
  [15] = -1/4
  [16] = 1/-4
  [17] = -1/4
  [18] = -1/4
  [19] = 1/-4
  [20] = 0/7
  [21] = 0/5
  [22] = 3/1260
  [23] = 129/6579
  [24] = 43/1935
  [25] = 6/198
  [26] = 207/6579
  [27] = 83/1651
  [28] = 83/1079
  [29] = 127/1651
  [30] = 8/99
  [31] = 127/1079
  [32] = 1/4
  [33] = -1/-4
  [34] = 1/4
  [35] = -1/-4
  [36] = 1/4
  [37] = -1/-4
  [38] = -1/-4
  [39] = 1/4
  [40] = 25/45
  [41] = 5/7
  [42] = 25/35
  [43] = 3/4
  [44] = 3/4
  [45] = 1331/1651
  [46] = 1/1
  [47] = 5/4
  [48] = 3/2
  [49] = -3/-2
  [50] = -3/-2
  [51] = -3/-2
  [52] = 3/2
  [53] = 3/2
  [54] = -3/-2
  [55] = 3/2
  [56] = 2301/1079
  [57] = 1935/249
}
