array
{
  [0] = 102
  [1] = 64
  [2] = 63
  [3] = 48
  [4] = 99
  [5] = 66
  [6] = 54
  [7] = 102
  [8] = 105
  [9] = 79
  [10] = 92
  [11] = 97
  [12] = 71
  [13] = 88
  [14] = 59
  [15] = 72
  [16] = 97
  [17] = 77
  [18] = 100
  [19] = 95
  [20] = 75
  [21] = 80
  [22] = 100
  [23] = 58
  [24] = 85
  [25] = 98
  [26] = 94
  [27] = 71
  [28] = 85
  [29] = 90
  [30] = 77
  [31] = 67
  [32] = 59
  [33] = 93
  [34] = 74
  [35] = 28
  [36] = 70
  [37] = 82
  [38] = 73
  [39] = 101
  [40] = 99
  [41] = 83
  [42] = 101
  [43] = 88
  [44] = 101
  [45] = 81
  [46] = 93
  [47] = 75
  [48] = 78
  [49] = 99
  [50] = 104
  [51] = 61
  [52] = 85
  [53] = 96
  [54] = 85
  [55] = 76
  [56] = 94
  [57] = 77
  [58] = 66
  [59] = 83
  [60] = 72
  [61] = 92
  [62] = 86
  [63] = 80
  [64] = 95
  [65] = 99
  [66] = 73
  [67] = 94
  [68] = 73
  [69] = 96
  [70] = 97
  [71] = 88
  [72] = 99
  [73] = 93
  [74] = 86
  [75] = 93
  [76] = 101
  [77] = 62
  [78] = 99
  [79] = 101
  [80] = 58
  [81] = 90
  [82] = 80
  [83] = 88
  [84] = 99
  [85] = 99
  [86] = 96
  [87] = 82
  [88] = 77
  [89] = 103
  [90] = 78
  [91] = 74
  [92] = 69
  [93] = 92
  [94] = 73
  [95] = 58
}
Sum Using Indexing = 8010
Sum Using Pointers = 8010
