Before:  supercalifragilisticexpialidocious
 After:  supercalifragilisticexpialidocious
Before:  A nonsense-word used esp. by children, now chiefly expressing excited
 After:  Anonsense-wordusedesp.bychildren,nowchieflyexpressingexcited
Before:  approbation: fantastic, fabulous.
 After:  approbation:fantastic,fabulous.
Before:    Made popular by the Walt Disney film "Mary Poppins" in 1964. The
 After:  MadepopularbytheWaltDisneyfilm"MaryPoppins"in1964.The
Before:  song containing the word was the subject of a copyright infringement
 After:  songcontainingthewordwasthesubjectofacopyrightinfringement
Before:  suit brought in 1965 against the makers of the film by Life Music
 After:  suitbroughtin1965againstthemakersofthefilmbyLifeMusic
Before:  Co. and two song-writers: cf. quots. 1949, 1951. In view of earlier
 After:  Co.andtwosong-writers:cf.quots.1949,1951.Inviewofearlier
Before:  oral uses of the word sworn to in affidavits and dissimilarity between
 After:  oralusesofthewordsworntoinaffidavitsanddissimilaritybetween
Before:  the songs the judge ruled against the plaintiffs.
 After:  thesongsthejudgeruledagainsttheplaintiffs.
Before:  
 After:  
Before:  Taken from the OED.
 After:  TakenfromtheOED.
Before:   !"#$%&'()*+,-./:;<=>?@[\]^_`{|}~
 After:  !"#$%&'()*+,-./:;<=>?@[\]^_`{|}~
