The additive inverse of -3/4 is 3/4 and the multiplicative inverse of -3/4 is 4/-3
The additive inverse of -3/4 is 3/4 and the multiplicative inverse of -3/4 is 4/-3
-3/4 + -3/4 = -3/2
-3/4 - -3/4 = 0/1
-3/4 * -3/4 = 9/16
-3/4 / -3/4 = 1/1
The additive inverse of -3/4 is 3/4 and the multiplicative inverse of -3/4 is 4/-3
The additive inverse of 3/4 is -3/4 and the multiplicative inverse of 3/4 is 4/3
-3/4 + 3/4 = 0/1
-3/4 - 3/4 = -3/2
-3/4 * 3/4 = -9/16
-3/4 / 3/4 = -1/1
The additive inverse of 0/5 is 0/5
The additive inverse of 0/7 is 0/7
0/5 + 0/7 = 0/1
0/5 - 0/7 = 0/1
0/5 * 0/7 = 0/1
0/5 / 0/7 = Division by zero is not allowed
The additive inverse of 1/1 is -1/1 and the multiplicative inverse of 1/1 is 1/1
The additive inverse of 5/4 is -5/4 and the multiplicative inverse of 5/4 is 4/5
1/1 + 5/4 = 9/4
1/1 - 5/4 = -1/4
1/1 * 5/4 = 5/4
1/1 / 5/4 = 4/5
The additive inverse of 25/45 is -25/45 and the multiplicative inverse of 25/45 is 45/25
The additive inverse of 8/99 is -8/99 and the multiplicative inverse of 8/99 is 99/8
25/45 + 8/99 = 7/11
25/45 - 8/99 = 47/99
25/45 * 8/99 = 40/891
25/45 / 8/99 = 55/8
The additive inverse of 3/4 is -3/4 and the multiplicative inverse of 3/4 is 4/3
The additive inverse of -3/4 is 3/4 and the multiplicative inverse of -3/4 is 4/-3
3/4 + -3/4 = 0/1
3/4 - -3/4 = 3/2
3/4 * -3/4 = -9/16
3/4 / -3/4 = -1/1
The additive inverse of 1/4 is -1/4 and the multiplicative inverse of 1/4 is 4/1
The additive inverse of 3/2 is -3/2 and the multiplicative inverse of 3/2 is 2/3
1/4 + 3/2 = 7/4
1/4 - 3/2 = -5/4
1/4 * 3/2 = 3/8
1/4 / 3/2 = 1/6
The additive inverse of 1/4 is -1/4 and the multiplicative inverse of 1/4 is 4/1
The additive inverse of 3/-2 is -3/-2 and the multiplicative inverse of 3/-2 is -2/3
1/4 + 3/-2 = -5/4
1/4 - 3/-2 = 7/4
1/4 * 3/-2 = -3/8
1/4 / 3/-2 = -1/6
The additive inverse of -1/-4 is 1/-4 and the multiplicative inverse of -1/-4 is -4/-1
The additive inverse of -3/-2 is 3/-2 and the multiplicative inverse of -3/-2 is -2/-3
-1/-4 + -3/-2 = 7/4
-1/-4 - -3/-2 = -5/4
-1/-4 * -3/-2 = 3/8
-1/-4 / -3/-2 = 1/6
