0, 4, 8, 21, 52, 65, 96, 1
n = 0, k = 7

4, 8, 21, 52, 65, 96, 1
n = 4, k = 6

1
n = 1, k = 0

10, 41, 54, 85, 98, 201, 502, 605, 906, 19, 32, 63, 76, 8, 21, 52, 65, 96, 1
n = 10, k = 18

542, 645, 946, 59, 36, 4, 8, 21, 52, 65, 96, 1
n = 542, k = 11

669, 376, 83, 78, 28, 23, 72, 67, 17, 12, 61, 56, 6, 1
n = 669, k = 13

736, 47, 15, 91, 59, 36, 4, 8, 21, 52, 65, 96, 1
n = 736, k = 12

875, 978, 289, 392, 693, 796, 8, 21, 52, 65, 96, 1
n = 875, k = 11

960, 469, 374, 873, 778, 287, 192, 691, 596, 6, 1
n = 960, k = 10

1008, 2101, 5012, 6105, 9016, 209, 312, 613, 716, 27, 13, 71, 57, 16, 2, 6, 1
n = 1008, k = 16

