Before Sort:
array
{
  [ 0] = 0
  [ 1] = 1
  [ 2] = 2
  [ 3] = 3
  [ 4] = 4
  [ 5] = 5
  [ 6] = 6
  [ 7] = 7
  [ 8] = 8
  [ 9] = 9
  [10] = 10
  [11] = 11
  [12] = 12
  [13] = 13
  [14] = 14
  [15] = 15
  [16] = 16
  [17] = 17
  [18] = 18
  [19] = 19
  [20] = 20
  [21] = 21
  [22] = 22
  [23] = 23
  [24] = 24
  [25] = 25
  [26] = 26
  [27] = 27
  [28] = 28
  [29] = 29
  [30] = 30
  [31] = 31
  [32] = 32
  [33] = 33
  [34] = 34
  [35] = 35
  [36] = 36
  [37] = 37
  [38] = 38
  [39] = 39
  [40] = 40
  [41] = 41
  [42] = 42
  [43] = 43
  [44] = 44
  [45] = 45
  [46] = 46
  [47] = 47
  [48] = 48
  [49] = 49
  [50] = 50
  [51] = 51
  [52] = 52
  [53] = 53
  [54] = 54
  [55] = 55
  [56] = 56
  [57] = 57
  [58] = 58
  [59] = 59
  [60] = 60
  [61] = 61
  [62] = 62
  [63] = 63
  [64] = 64
  [65] = 65
  [66] = 66
  [67] = 67
  [68] = 68
  [69] = 69
  [70] = 70
  [71] = 71
  [72] = 72
  [73] = 73
  [74] = 74
  [75] = 75
  [76] = 76
  [77] = 77
  [78] = 78
  [79] = 79
  [80] = 80
  [81] = 81
  [82] = 82
  [83] = 83
  [84] = 84
  [85] = 85
  [86] = 86
  [87] = 87
  [88] = 88
  [89] = 89
  [90] = 90
  [91] = 91
  [92] = 92
  [93] = 93
  [94] = 94
  [95] = 95
  [96] = 96
  [97] = 97
  [98] = 98
  [99] = 99
}
After Sort:
array
{
  [ 0] = 0
  [ 1] = 10
  [ 2] = 20
  [ 3] = 30
  [ 4] = 40
  [ 5] = 50
  [ 6] = 60
  [ 7] = 70
  [ 8] = 80
  [ 9] = 90
  [10] = 1
  [11] = 11
  [12] = 21
  [13] = 31
  [14] = 41
  [15] = 51
  [16] = 61
  [17] = 71
  [18] = 81
  [19] = 91
  [20] = 2
  [21] = 12
  [22] = 22
  [23] = 32
  [24] = 42
  [25] = 52
  [26] = 62
  [27] = 72
  [28] = 82
  [29] = 92
  [30] = 3
  [31] = 13
  [32] = 23
  [33] = 33
  [34] = 43
  [35] = 53
  [36] = 63
  [37] = 73
  [38] = 83
  [39] = 93
  [40] = 4
  [41] = 14
  [42] = 24
  [43] = 34
  [44] = 44
  [45] = 54
  [46] = 64
  [47] = 74
  [48] = 84
  [49] = 94
  [50] = 5
  [51] = 15
  [52] = 25
  [53] = 35
  [54] = 45
  [55] = 55
  [56] = 65
  [57] = 75
  [58] = 85
  [59] = 95
  [60] = 6
  [61] = 16
  [62] = 26
  [63] = 36
  [64] = 46
  [65] = 56
  [66] = 66
  [67] = 76
  [68] = 86
  [69] = 96
  [70] = 7
  [71] = 17
  [72] = 27
  [73] = 37
  [74] = 47
  [75] = 57
  [76] = 67
  [77] = 77
  [78] = 87
  [79] = 97
  [80] = 8
  [81] = 18
  [82] = 28
  [83] = 38
  [84] = 48
  [85] = 58
  [86] = 68
  [87] = 78
  [88] = 88
  [89] = 98
  [90] = 9
  [91] = 19
  [92] = 29
  [93] = 39
  [94] = 49
  [95] = 59
  [96] = 69
  [97] = 79
  [98] = 89
  [99] = 99
}
